Analysis & Synthesis report for alu_16bit
Wed Mar 06 00:16:07 2024
Quartus Prime Version 20.1.0 Build 711 06/05/2020 SJ Lite Edition


---------------------
; Table of Contents ;
---------------------
  1. Legal Notice
  2. Analysis & Synthesis Summary
  3. Analysis & Synthesis Settings
  4. Parallel Compilation
  5. Analysis & Synthesis Source Files Read
  6. Analysis & Synthesis Resource Usage Summary
  7. Analysis & Synthesis Resource Utilization by Entity
  8. General Register Statistics
  9. Multiplexer Restructuring Statistics (Restructuring Performed)
 10. Parameter Settings for Inferred Entity Instance: divider_16bit:divider|lpm_divide:Div0
 11. Port Connectivity Checks: "shiftRight_16bit:right"
 12. Port Connectivity Checks: "shiftLeft_16bit:left"
 13. Port Connectivity Checks: "xor_16bit:xorr"
 14. Port Connectivity Checks: "or_16bit:orr"
 15. Port Connectivity Checks: "and_16bit:andd"
 16. Port Connectivity Checks: "divider_16bit:divider"
 17. Port Connectivity Checks: "multiplier_16bit:multiplier"
 18. Port Connectivity Checks: "subtractor_16bit:subtractor"
 19. Port Connectivity Checks: "adder_16bit:adder"
 20. Post-Synthesis Netlist Statistics for Top Partition
 21. Elapsed Time Per Partition
 22. Analysis & Synthesis Messages
 23. Analysis & Synthesis Suppressed Messages



----------------
; Legal Notice ;
----------------
Copyright (C) 2020  Intel Corporation. All rights reserved.
Your use of Intel Corporation's design tools, logic functions 
and other software and tools, and any partner logic 
functions, and any output files from any of the foregoing 
(including device programming or simulation files), and any 
associated documentation or information are expressly subject 
to the terms and conditions of the Intel Program License 
Subscription Agreement, the Intel Quartus Prime License Agreement,
the Intel FPGA IP License Agreement, or other applicable license
agreement, including, without limitation, that your use is for
the sole purpose of programming logic devices manufactured by
Intel and sold by Intel or its authorized distributors.  Please
refer to the applicable agreement for further details, at
https://fpgasoftware.intel.com/eula.



+-------------------------------------------------------------------------------+
; Analysis & Synthesis Summary                                                  ;
+---------------------------------+---------------------------------------------+
; Analysis & Synthesis Status     ; Successful - Wed Mar 06 00:16:07 2024       ;
; Quartus Prime Version           ; 20.1.0 Build 711 06/05/2020 SJ Lite Edition ;
; Revision Name                   ; alu_16bit                                   ;
; Top-level Entity Name           ; alu_16bit                                   ;
; Family                          ; Cyclone V                                   ;
; Logic utilization (in ALMs)     ; N/A                                         ;
; Total registers                 ; 0                                           ;
; Total pins                      ; 69                                          ;
; Total virtual pins              ; 0                                           ;
; Total block memory bits         ; 0                                           ;
; Total DSP Blocks                ; 0                                           ;
; Total HSSI RX PCSs              ; 0                                           ;
; Total HSSI PMA RX Deserializers ; 0                                           ;
; Total HSSI TX PCSs              ; 0                                           ;
; Total HSSI PMA TX Serializers   ; 0                                           ;
; Total PLLs                      ; 0                                           ;
; Total DLLs                      ; 0                                           ;
+---------------------------------+---------------------------------------------+


+---------------------------------------------------------------------------------------------------------------------------+
; Analysis & Synthesis Settings                                                                                             ;
+---------------------------------------------------------------------------------+--------------------+--------------------+
; Option                                                                          ; Setting            ; Default Value      ;
+---------------------------------------------------------------------------------+--------------------+--------------------+
; Device                                                                          ; 5CSEMA5F31C6       ;                    ;
; Top-level entity name                                                           ; alu_16bit          ; alu_16bit          ;
; Family name                                                                     ; Cyclone V          ; Cyclone V          ;
; Use smart compilation                                                           ; Off                ; Off                ;
; Enable parallel Assembler and Timing Analyzer during compilation                ; On                 ; On                 ;
; Enable compact report table                                                     ; Off                ; Off                ;
; Restructure Multiplexers                                                        ; Auto               ; Auto               ;
; MLAB Add Timing Constraints For Mixed-Port Feed-Through Mode Setting Don't Care ; Off                ; Off                ;
; Create Debugging Nodes for IP Cores                                             ; Off                ; Off                ;
; Preserve fewer node names                                                       ; On                 ; On                 ;
; Intel FPGA IP Evaluation Mode                                                   ; Enable             ; Enable             ;
; Verilog Version                                                                 ; Verilog_2001       ; Verilog_2001       ;
; VHDL Version                                                                    ; VHDL_1993          ; VHDL_1993          ;
; State Machine Processing                                                        ; Auto               ; Auto               ;
; Safe State Machine                                                              ; Off                ; Off                ;
; Extract Verilog State Machines                                                  ; On                 ; On                 ;
; Extract VHDL State Machines                                                     ; On                 ; On                 ;
; Ignore Verilog initial constructs                                               ; Off                ; Off                ;
; Iteration limit for constant Verilog loops                                      ; 5000               ; 5000               ;
; Iteration limit for non-constant Verilog loops                                  ; 250                ; 250                ;
; Add Pass-Through Logic to Inferred RAMs                                         ; On                 ; On                 ;
; Infer RAMs from Raw Logic                                                       ; On                 ; On                 ;
; Parallel Synthesis                                                              ; On                 ; On                 ;
; DSP Block Balancing                                                             ; Auto               ; Auto               ;
; NOT Gate Push-Back                                                              ; On                 ; On                 ;
; Power-Up Don't Care                                                             ; On                 ; On                 ;
; Remove Redundant Logic Cells                                                    ; Off                ; Off                ;
; Remove Duplicate Registers                                                      ; On                 ; On                 ;
; Ignore CARRY Buffers                                                            ; Off                ; Off                ;
; Ignore CASCADE Buffers                                                          ; Off                ; Off                ;
; Ignore GLOBAL Buffers                                                           ; Off                ; Off                ;
; Ignore ROW GLOBAL Buffers                                                       ; Off                ; Off                ;
; Ignore LCELL Buffers                                                            ; Off                ; Off                ;
; Ignore SOFT Buffers                                                             ; On                 ; On                 ;
; Limit AHDL Integers to 32 Bits                                                  ; Off                ; Off                ;
; Optimization Technique                                                          ; Balanced           ; Balanced           ;
; Carry Chain Length                                                              ; 70                 ; 70                 ;
; Auto Carry Chains                                                               ; On                 ; On                 ;
; Auto Open-Drain Pins                                                            ; On                 ; On                 ;
; Perform WYSIWYG Primitive Resynthesis                                           ; Off                ; Off                ;
; Auto ROM Replacement                                                            ; On                 ; On                 ;
; Auto RAM Replacement                                                            ; On                 ; On                 ;
; Auto DSP Block Replacement                                                      ; On                 ; On                 ;
; Auto Shift Register Replacement                                                 ; Auto               ; Auto               ;
; Allow Shift Register Merging across Hierarchies                                 ; Auto               ; Auto               ;
; Auto Clock Enable Replacement                                                   ; On                 ; On                 ;
; Strict RAM Replacement                                                          ; Off                ; Off                ;
; Allow Synchronous Control Signals                                               ; On                 ; On                 ;
; Force Use of Synchronous Clear Signals                                          ; Off                ; Off                ;
; Auto Resource Sharing                                                           ; Off                ; Off                ;
; Allow Any RAM Size For Recognition                                              ; Off                ; Off                ;
; Allow Any ROM Size For Recognition                                              ; Off                ; Off                ;
; Allow Any Shift Register Size For Recognition                                   ; Off                ; Off                ;
; Use LogicLock Constraints during Resource Balancing                             ; On                 ; On                 ;
; Ignore translate_off and synthesis_off directives                               ; Off                ; Off                ;
; Timing-Driven Synthesis                                                         ; On                 ; On                 ;
; Report Parameter Settings                                                       ; On                 ; On                 ;
; Report Source Assignments                                                       ; On                 ; On                 ;
; Report Connectivity Checks                                                      ; On                 ; On                 ;
; Ignore Maximum Fan-Out Assignments                                              ; Off                ; Off                ;
; Synchronization Register Chain Length                                           ; 3                  ; 3                  ;
; Power Optimization During Synthesis                                             ; Normal compilation ; Normal compilation ;
; HDL message level                                                               ; Level2             ; Level2             ;
; Suppress Register Optimization Related Messages                                 ; Off                ; Off                ;
; Number of Removed Registers Reported in Synthesis Report                        ; 5000               ; 5000               ;
; Number of Swept Nodes Reported in Synthesis Report                              ; 5000               ; 5000               ;
; Number of Inverted Registers Reported in Synthesis Report                       ; 100                ; 100                ;
; Clock MUX Protection                                                            ; On                 ; On                 ;
; Auto Gated Clock Conversion                                                     ; Off                ; Off                ;
; Block Design Naming                                                             ; Auto               ; Auto               ;
; SDC constraint protection                                                       ; Off                ; Off                ;
; Synthesis Effort                                                                ; Auto               ; Auto               ;
; Shift Register Replacement - Allow Asynchronous Clear Signal                    ; On                 ; On                 ;
; Pre-Mapping Resynthesis Optimization                                            ; Off                ; Off                ;
; Analysis & Synthesis Message Level                                              ; Medium             ; Medium             ;
; Disable Register Merging Across Hierarchies                                     ; Auto               ; Auto               ;
; Resource Aware Inference For Block RAM                                          ; On                 ; On                 ;
; Automatic Parallel Synthesis                                                    ; On                 ; On                 ;
; Partial Reconfiguration Bitstream ID                                            ; Off                ; Off                ;
+---------------------------------------------------------------------------------+--------------------+--------------------+


+------------------------------------------+
; Parallel Compilation                     ;
+----------------------------+-------------+
; Processors                 ; Number      ;
+----------------------------+-------------+
; Number detected on machine ; 4           ;
; Maximum allowed            ; 2           ;
;                            ;             ;
; Average used               ; 1.00        ;
; Maximum used               ; 2           ;
;                            ;             ;
; Usage by Processor         ; % Time Used ;
;     Processor 1            ; 100.0%      ;
;     Processor 2            ;   0.0%      ;
+----------------------------+-------------+


+---------------------------------------------------------------------------------------------------------------------------------------------------------------------------------------------------------------------------+
; Analysis & Synthesis Source Files Read                                                                                                                                                                                    ;
+----------------------------------+-----------------+------------------------------+-----------------------------------------------------------------------------------------------------------------------------+---------+
; File Name with User-Entered Path ; Used in Netlist ; File Type                    ; File Name with Absolute Path                                                                                                ; Library ;
+----------------------------------+-----------------+------------------------------+-----------------------------------------------------------------------------------------------------------------------------+---------+
; alu_16bit.sv                     ; yes             ; User SystemVerilog HDL File  ; C:/Users/Admin/OneDrive/Desktop/nvalverdea_digital_design_lab_2024/laboratorio2/Problema2/16bits/alu_16bit.sv               ;         ;
; adder_16bit.sv                   ; yes             ; User SystemVerilog HDL File  ; C:/Users/Admin/OneDrive/Desktop/nvalverdea_digital_design_lab_2024/laboratorio2/Problema2/16bits/adder_16bit.sv             ;         ;
; and_16bit.sv                     ; yes             ; User SystemVerilog HDL File  ; C:/Users/Admin/OneDrive/Desktop/nvalverdea_digital_design_lab_2024/laboratorio2/Problema2/16bits/and_16bit.sv               ;         ;
; divider_16bit.sv                 ; yes             ; User SystemVerilog HDL File  ; C:/Users/Admin/OneDrive/Desktop/nvalverdea_digital_design_lab_2024/laboratorio2/Problema2/16bits/divider_16bit.sv           ;         ;
; multiplier_16bit.sv              ; yes             ; User SystemVerilog HDL File  ; C:/Users/Admin/OneDrive/Desktop/nvalverdea_digital_design_lab_2024/laboratorio2/Problema2/16bits/multiplier_16bit.sv        ;         ;
; or_16bit.sv                      ; yes             ; User SystemVerilog HDL File  ; C:/Users/Admin/OneDrive/Desktop/nvalverdea_digital_design_lab_2024/laboratorio2/Problema2/16bits/or_16bit.sv                ;         ;
; shiftLeft_16bit.sv               ; yes             ; User SystemVerilog HDL File  ; C:/Users/Admin/OneDrive/Desktop/nvalverdea_digital_design_lab_2024/laboratorio2/Problema2/16bits/shiftLeft_16bit.sv         ;         ;
; shiftRight_16bit.sv              ; yes             ; User SystemVerilog HDL File  ; C:/Users/Admin/OneDrive/Desktop/nvalverdea_digital_design_lab_2024/laboratorio2/Problema2/16bits/shiftRight_16bit.sv        ;         ;
; subtractor_16bit.sv              ; yes             ; User SystemVerilog HDL File  ; C:/Users/Admin/OneDrive/Desktop/nvalverdea_digital_design_lab_2024/laboratorio2/Problema2/16bits/subtractor_16bit.sv        ;         ;
; xor_16bit.sv                     ; yes             ; User SystemVerilog HDL File  ; C:/Users/Admin/OneDrive/Desktop/nvalverdea_digital_design_lab_2024/laboratorio2/Problema2/16bits/xor_16bit.sv               ;         ;
; lpm_divide.tdf                   ; yes             ; Megafunction                 ; c:/intelfpga_lite/20.1/quartus/libraries/megafunctions/lpm_divide.tdf                                                       ;         ;
; abs_divider.inc                  ; yes             ; Megafunction                 ; c:/intelfpga_lite/20.1/quartus/libraries/megafunctions/abs_divider.inc                                                      ;         ;
; sign_div_unsign.inc              ; yes             ; Megafunction                 ; c:/intelfpga_lite/20.1/quartus/libraries/megafunctions/sign_div_unsign.inc                                                  ;         ;
; aglobal201.inc                   ; yes             ; Megafunction                 ; c:/intelfpga_lite/20.1/quartus/libraries/megafunctions/aglobal201.inc                                                       ;         ;
; db/lpm_divide_7dm.tdf            ; yes             ; Auto-Generated Megafunction  ; C:/Users/Admin/OneDrive/Desktop/nvalverdea_digital_design_lab_2024/laboratorio2/Problema2/16bits/db/lpm_divide_7dm.tdf      ;         ;
; db/sign_div_unsign_dnh.tdf       ; yes             ; Auto-Generated Megafunction  ; C:/Users/Admin/OneDrive/Desktop/nvalverdea_digital_design_lab_2024/laboratorio2/Problema2/16bits/db/sign_div_unsign_dnh.tdf ;         ;
; db/alt_u_div_03f.tdf             ; yes             ; Auto-Generated Megafunction  ; C:/Users/Admin/OneDrive/Desktop/nvalverdea_digital_design_lab_2024/laboratorio2/Problema2/16bits/db/alt_u_div_03f.tdf       ;         ;
+----------------------------------+-----------------+------------------------------+-----------------------------------------------------------------------------------------------------------------------------+---------+


+------------------------------------------------------------------------------------------------------------------------------------------------------------------------------+
; Analysis & Synthesis Resource Usage Summary                                                                                                                                  ;
+---------------------------------------------+--------------------------------------------------------------------------------------------------------------------------------+
; Resource                                    ; Usage                                                                                                                          ;
+---------------------------------------------+--------------------------------------------------------------------------------------------------------------------------------+
; Estimate of Logic utilization (ALMs needed) ; 197                                                                                                                            ;
;                                             ;                                                                                                                                ;
; Combinational ALUT usage for logic          ; 357                                                                                                                            ;
;     -- 7 input functions                    ; 6                                                                                                                              ;
;     -- 6 input functions                    ; 30                                                                                                                             ;
;     -- 5 input functions                    ; 135                                                                                                                            ;
;     -- 4 input functions                    ; 104                                                                                                                            ;
;     -- <=3 input functions                  ; 82                                                                                                                             ;
;                                             ;                                                                                                                                ;
; Dedicated logic registers                   ; 0                                                                                                                              ;
;                                             ;                                                                                                                                ;
; I/O pins                                    ; 69                                                                                                                             ;
;                                             ;                                                                                                                                ;
; Total DSP Blocks                            ; 0                                                                                                                              ;
;                                             ;                                                                                                                                ;
; Maximum fan-out node                        ; divider_16bit:divider|lpm_divide:Div0|lpm_divide_7dm:auto_generated|sign_div_unsign_dnh:divider|alt_u_div_03f:divider|sel[221] ;
; Maximum fan-out                             ; 31                                                                                                                             ;
; Total fan-out                               ; 1675                                                                                                                           ;
; Average fan-out                             ; 3.38                                                                                                                           ;
+---------------------------------------------+--------------------------------------------------------------------------------------------------------------------------------+


+----------------------------------------------------------------------------------------------------------------------------------------------------------------------------------------------------------------------------------------------------------------------------------------------------------------------------+
; Analysis & Synthesis Resource Utilization by Entity                                                                                                                                                                                                                                                                        ;
+-------------------------------------------+---------------------+---------------------------+-------------------+------------+------+--------------+----------------------------------------------------------------------------------------------------------------------------------+---------------------+--------------+
; Compilation Hierarchy Node                ; Combinational ALUTs ; Dedicated Logic Registers ; Block Memory Bits ; DSP Blocks ; Pins ; Virtual Pins ; Full Hierarchy Name                                                                                                              ; Entity Name         ; Library Name ;
+-------------------------------------------+---------------------+---------------------------+-------------------+------------+------+--------------+----------------------------------------------------------------------------------------------------------------------------------+---------------------+--------------+
; |alu_16bit                                ; 357 (55)            ; 0 (0)                     ; 0                 ; 0          ; 69   ; 0            ; |alu_16bit                                                                                                                       ; alu_16bit           ; work         ;
;    |adder_16bit:adder|                    ; 1 (1)               ; 0 (0)                     ; 0                 ; 0          ; 0    ; 0            ; |alu_16bit|adder_16bit:adder                                                                                                     ; adder_16bit         ; work         ;
;    |divider_16bit:divider|                ; 298 (0)             ; 0 (0)                     ; 0                 ; 0          ; 0    ; 0            ; |alu_16bit|divider_16bit:divider                                                                                                 ; divider_16bit       ; work         ;
;       |lpm_divide:Div0|                   ; 298 (0)             ; 0 (0)                     ; 0                 ; 0          ; 0    ; 0            ; |alu_16bit|divider_16bit:divider|lpm_divide:Div0                                                                                 ; lpm_divide          ; work         ;
;          |lpm_divide_7dm:auto_generated|  ; 298 (0)             ; 0 (0)                     ; 0                 ; 0          ; 0    ; 0            ; |alu_16bit|divider_16bit:divider|lpm_divide:Div0|lpm_divide_7dm:auto_generated                                                   ; lpm_divide_7dm      ; work         ;
;             |sign_div_unsign_dnh:divider| ; 298 (0)             ; 0 (0)                     ; 0                 ; 0          ; 0    ; 0            ; |alu_16bit|divider_16bit:divider|lpm_divide:Div0|lpm_divide_7dm:auto_generated|sign_div_unsign_dnh:divider                       ; sign_div_unsign_dnh ; work         ;
;                |alt_u_div_03f:divider|    ; 298 (298)           ; 0 (0)                     ; 0                 ; 0          ; 0    ; 0            ; |alu_16bit|divider_16bit:divider|lpm_divide:Div0|lpm_divide_7dm:auto_generated|sign_div_unsign_dnh:divider|alt_u_div_03f:divider ; alt_u_div_03f       ; work         ;
;    |multiplier_16bit:multiplier|          ; 3 (3)               ; 0 (0)                     ; 0                 ; 0          ; 0    ; 0            ; |alu_16bit|multiplier_16bit:multiplier                                                                                           ; multiplier_16bit    ; work         ;
+-------------------------------------------+---------------------+---------------------------+-------------------+------------+------+--------------+----------------------------------------------------------------------------------------------------------------------------------+---------------------+--------------+
Note: For table entries with two numbers listed, the numbers in parentheses indicate the number of resources of the given type used by the specific entity alone. The numbers listed outside of parentheses indicate the total resources of the given type used by the specific entity and all of its sub-entities in the hierarchy.


+------------------------------------------------------+
; General Register Statistics                          ;
+----------------------------------------------+-------+
; Statistic                                    ; Value ;
+----------------------------------------------+-------+
; Total registers                              ; 0     ;
; Number of registers using Synchronous Clear  ; 0     ;
; Number of registers using Synchronous Load   ; 0     ;
; Number of registers using Asynchronous Clear ; 0     ;
; Number of registers using Asynchronous Load  ; 0     ;
; Number of registers using Clock Enable       ; 0     ;
; Number of registers using Preset             ; 0     ;
+----------------------------------------------+-------+


+------------------------------------------------------------------------------------------------------------------------------------------+
; Multiplexer Restructuring Statistics (Restructuring Performed)                                                                           ;
+--------------------+-----------+---------------+----------------------+------------------------+------------+----------------------------+
; Multiplexer Inputs ; Bus Width ; Baseline Area ; Area if Restructured ; Saving if Restructured ; Registered ; Example Multiplexer Output ;
+--------------------+-----------+---------------+----------------------+------------------------+------------+----------------------------+
; 13:1               ; 5 bits    ; 40 LEs        ; 35 LEs               ; 5 LEs                  ; No         ; |alu_16bit|result          ;
; 13:1               ; 6 bits    ; 48 LEs        ; 42 LEs               ; 6 LEs                  ; No         ; |alu_16bit|result          ;
+--------------------+-----------+---------------+----------------------+------------------------+------------+----------------------------+


+----------------------------------------------------------------------------------------+
; Parameter Settings for Inferred Entity Instance: divider_16bit:divider|lpm_divide:Div0 ;
+------------------------+----------------+----------------------------------------------+
; Parameter Name         ; Value          ; Type                                         ;
+------------------------+----------------+----------------------------------------------+
; LPM_WIDTHN             ; 16             ; Untyped                                      ;
; LPM_WIDTHD             ; 16             ; Untyped                                      ;
; LPM_NREPRESENTATION    ; UNSIGNED       ; Untyped                                      ;
; LPM_DREPRESENTATION    ; UNSIGNED       ; Untyped                                      ;
; LPM_PIPELINE           ; 0              ; Untyped                                      ;
; LPM_REMAINDERPOSITIVE  ; TRUE           ; Untyped                                      ;
; MAXIMIZE_SPEED         ; 5              ; Untyped                                      ;
; CBXI_PARAMETER         ; lpm_divide_7dm ; Untyped                                      ;
; CARRY_CHAIN            ; MANUAL         ; Untyped                                      ;
; OPTIMIZE_FOR_SPEED     ; 5              ; Untyped                                      ;
; AUTO_CARRY_CHAINS      ; ON             ; AUTO_CARRY                                   ;
; IGNORE_CARRY_BUFFERS   ; OFF            ; IGNORE_CARRY                                 ;
; AUTO_CASCADE_CHAINS    ; ON             ; AUTO_CASCADE                                 ;
; IGNORE_CASCADE_BUFFERS ; OFF            ; IGNORE_CASCADE                               ;
+------------------------+----------------+----------------------------------------------+
Note: In order to hide this table in the UI and the text report file, please set the "Show Parameter Settings in Synthesis Report" option in "Analysis and Synthesis Settings -> More Settings" to "Off".


+----------------------------------------------------------------------------------------------------------------------+
; Port Connectivity Checks: "shiftRight_16bit:right"                                                                   ;
+------------+--------+----------+-------------------------------------------------------------------------------------+
; Port       ; Type   ; Severity ; Details                                                                             ;
+------------+--------+----------+-------------------------------------------------------------------------------------+
; zero_flag  ; Output ; Info     ; Connected to dangling logic. Logic that only feeds a dangling port will be removed. ;
; carry_flag ; Output ; Info     ; Connected to dangling logic. Logic that only feeds a dangling port will be removed. ;
+------------+--------+----------+-------------------------------------------------------------------------------------+


+----------------------------------------------------------------------------------------------------------------------+
; Port Connectivity Checks: "shiftLeft_16bit:left"                                                                     ;
+------------+--------+----------+-------------------------------------------------------------------------------------+
; Port       ; Type   ; Severity ; Details                                                                             ;
+------------+--------+----------+-------------------------------------------------------------------------------------+
; zero_flag  ; Output ; Info     ; Connected to dangling logic. Logic that only feeds a dangling port will be removed. ;
; carry_flag ; Output ; Info     ; Connected to dangling logic. Logic that only feeds a dangling port will be removed. ;
+------------+--------+----------+-------------------------------------------------------------------------------------+


+---------------------------------------------------------------------------------------------------------------------+
; Port Connectivity Checks: "xor_16bit:xorr"                                                                          ;
+-----------+--------+----------+-------------------------------------------------------------------------------------+
; Port      ; Type   ; Severity ; Details                                                                             ;
+-----------+--------+----------+-------------------------------------------------------------------------------------+
; zero_flag ; Output ; Info     ; Connected to dangling logic. Logic that only feeds a dangling port will be removed. ;
+-----------+--------+----------+-------------------------------------------------------------------------------------+


+---------------------------------------------------------------------------------------------------------------------+
; Port Connectivity Checks: "or_16bit:orr"                                                                            ;
+-----------+--------+----------+-------------------------------------------------------------------------------------+
; Port      ; Type   ; Severity ; Details                                                                             ;
+-----------+--------+----------+-------------------------------------------------------------------------------------+
; zero_flag ; Output ; Info     ; Connected to dangling logic. Logic that only feeds a dangling port will be removed. ;
+-----------+--------+----------+-------------------------------------------------------------------------------------+


+---------------------------------------------------------------------------------------------------------------------+
; Port Connectivity Checks: "and_16bit:andd"                                                                          ;
+-----------+--------+----------+-------------------------------------------------------------------------------------+
; Port      ; Type   ; Severity ; Details                                                                             ;
+-----------+--------+----------+-------------------------------------------------------------------------------------+
; zero_flag ; Output ; Info     ; Connected to dangling logic. Logic that only feeds a dangling port will be removed. ;
+-----------+--------+----------+-------------------------------------------------------------------------------------+


+--------------------------------------------------------------------------------------------------------------------+
; Port Connectivity Checks: "divider_16bit:divider"                                                                  ;
+----------+--------+----------+-------------------------------------------------------------------------------------+
; Port     ; Type   ; Severity ; Details                                                                             ;
+----------+--------+----------+-------------------------------------------------------------------------------------+
; overflow ; Output ; Info     ; Connected to dangling logic. Logic that only feeds a dangling port will be removed. ;
; zero     ; Output ; Info     ; Connected to dangling logic. Logic that only feeds a dangling port will be removed. ;
+----------+--------+----------+-------------------------------------------------------------------------------------+


+-----------------------------------------------------------------------------------------------------------------------------------------------------------------------------------------------------+
; Port Connectivity Checks: "multiplier_16bit:multiplier"                                                                                                                                             ;
+------+--------+----------+--------------------------------------------------------------------------------------------------------------------------------------------------------------------------+
; Port ; Type   ; Severity ; Details                                                                                                                                                                  ;
+------+--------+----------+--------------------------------------------------------------------------------------------------------------------------------------------------------------------------+
; out  ; Output ; Warning  ; Output or bidir port (16 bits) is smaller than the port expression (32 bits) it drives.  The 16 most-significant bit(s) in the port expression will be connected to GND. ;
; V    ; Output ; Info     ; Connected to dangling logic. Logic that only feeds a dangling port will be removed.                                                                                      ;
; Z    ; Output ; Info     ; Connected to dangling logic. Logic that only feeds a dangling port will be removed.                                                                                      ;
+------+--------+----------+--------------------------------------------------------------------------------------------------------------------------------------------------------------------------+


+-----------------------------------------------------------------------------------------------------------------------+
; Port Connectivity Checks: "subtractor_16bit:subtractor"                                                               ;
+-------------+--------+----------+-------------------------------------------------------------------------------------+
; Port        ; Type   ; Severity ; Details                                                                             ;
+-------------+--------+----------+-------------------------------------------------------------------------------------+
; diff[16..2] ; Output ; Info     ; Connected to dangling logic. Logic that only feeds a dangling port will be removed. ;
; carry_out   ; Output ; Info     ; Connected to dangling logic. Logic that only feeds a dangling port will be removed. ;
; overflow    ; Output ; Info     ; Connected to dangling logic. Logic that only feeds a dangling port will be removed. ;
; zero        ; Output ; Info     ; Connected to dangling logic. Logic that only feeds a dangling port will be removed. ;
; negative    ; Output ; Info     ; Connected to dangling logic. Logic that only feeds a dangling port will be removed. ;
+-------------+--------+----------+-------------------------------------------------------------------------------------+


+----------------------------------------------------------------------------------------------------------------------+
; Port Connectivity Checks: "adder_16bit:adder"                                                                        ;
+------------+--------+----------+-------------------------------------------------------------------------------------+
; Port       ; Type   ; Severity ; Details                                                                             ;
+------------+--------+----------+-------------------------------------------------------------------------------------+
; sum[16..3] ; Output ; Info     ; Connected to dangling logic. Logic that only feeds a dangling port will be removed. ;
; carry_out  ; Output ; Info     ; Connected to dangling logic. Logic that only feeds a dangling port will be removed. ;
; overflow   ; Output ; Info     ; Connected to dangling logic. Logic that only feeds a dangling port will be removed. ;
; zero       ; Output ; Info     ; Connected to dangling logic. Logic that only feeds a dangling port will be removed. ;
+------------+--------+----------+-------------------------------------------------------------------------------------+


+-----------------------------------------------------+
; Post-Synthesis Netlist Statistics for Top Partition ;
+-----------------------+-----------------------------+
; Type                  ; Count                       ;
+-----------------------+-----------------------------+
; arriav_lcell_comb     ; 358                         ;
;     arith             ; 156                         ;
;         0 data inputs ; 26                          ;
;         2 data inputs ; 13                          ;
;         5 data inputs ; 117                         ;
;     extend            ; 6                           ;
;         7 data inputs ; 6                           ;
;     normal            ; 187                         ;
;         0 data inputs ; 1                           ;
;         2 data inputs ; 15                          ;
;         3 data inputs ; 22                          ;
;         4 data inputs ; 101                         ;
;         5 data inputs ; 18                          ;
;         6 data inputs ; 30                          ;
;     shared            ; 9                           ;
;         0 data inputs ; 3                           ;
;         2 data inputs ; 3                           ;
;         4 data inputs ; 3                           ;
; boundary_port         ; 69                          ;
;                       ;                             ;
; Max LUT depth         ; 35.00                       ;
; Average LUT depth     ; 29.24                       ;
+-----------------------+-----------------------------+


+-------------------------------+
; Elapsed Time Per Partition    ;
+----------------+--------------+
; Partition Name ; Elapsed Time ;
+----------------+--------------+
; Top            ; 00:00:02     ;
+----------------+--------------+


+-------------------------------+
; Analysis & Synthesis Messages ;
+-------------------------------+
Info: *******************************************************************
Info: Running Quartus Prime Analysis & Synthesis
    Info: Version 20.1.0 Build 711 06/05/2020 SJ Lite Edition
    Info: Processing started: Wed Mar 06 00:15:51 2024
Info: Command: quartus_map --read_settings_files=on --write_settings_files=off alu_16bit -c alu_16bit
Warning (18236): Number of processors has not been specified which may cause overloading on shared machines.  Set the global assignment NUM_PARALLEL_PROCESSORS in your QSF to an appropriate value for best performance.
Info (20030): Parallel compilation is enabled and will use 2 of the 2 processors detected
Info (12021): Found 1 design units, including 1 entities, in source file digitextractor.sv
    Info (12023): Found entity 1: DigitExtractor File: C:/Users/Admin/OneDrive/Desktop/nvalverdea_digital_design_lab_2024/laboratorio2/Problema2/16bits/DigitExtractor.sv Line: 1
Info (12021): Found 1 design units, including 1 entities, in source file alu_16bit.sv
    Info (12023): Found entity 1: alu_16bit File: C:/Users/Admin/OneDrive/Desktop/nvalverdea_digital_design_lab_2024/laboratorio2/Problema2/16bits/alu_16bit.sv Line: 1
Info (12021): Found 1 design units, including 1 entities, in source file adder_16bit.sv
    Info (12023): Found entity 1: adder_16bit File: C:/Users/Admin/OneDrive/Desktop/nvalverdea_digital_design_lab_2024/laboratorio2/Problema2/16bits/adder_16bit.sv Line: 1
Info (12021): Found 1 design units, including 1 entities, in source file alu_16bit_tb.sv
    Info (12023): Found entity 1: alu_16bit_tb File: C:/Users/Admin/OneDrive/Desktop/nvalverdea_digital_design_lab_2024/laboratorio2/Problema2/16bits/alu_16bit_tb.sv Line: 1
Info (12021): Found 1 design units, including 1 entities, in source file and_16bit.sv
    Info (12023): Found entity 1: and_16bit File: C:/Users/Admin/OneDrive/Desktop/nvalverdea_digital_design_lab_2024/laboratorio2/Problema2/16bits/and_16bit.sv Line: 1
Info (12021): Found 1 design units, including 1 entities, in source file divider_16bit.sv
    Info (12023): Found entity 1: divider_16bit File: C:/Users/Admin/OneDrive/Desktop/nvalverdea_digital_design_lab_2024/laboratorio2/Problema2/16bits/divider_16bit.sv Line: 1
Info (12021): Found 1 design units, including 1 entities, in source file multiplier_16bit.sv
    Info (12023): Found entity 1: multiplier_16bit File: C:/Users/Admin/OneDrive/Desktop/nvalverdea_digital_design_lab_2024/laboratorio2/Problema2/16bits/multiplier_16bit.sv Line: 1
Info (12021): Found 1 design units, including 1 entities, in source file or_16bit.sv
    Info (12023): Found entity 1: or_16bit File: C:/Users/Admin/OneDrive/Desktop/nvalverdea_digital_design_lab_2024/laboratorio2/Problema2/16bits/or_16bit.sv Line: 1
Info (12021): Found 1 design units, including 1 entities, in source file segmentoutput.sv
    Info (12023): Found entity 1: segmentOutput File: C:/Users/Admin/OneDrive/Desktop/nvalverdea_digital_design_lab_2024/laboratorio2/Problema2/16bits/segmentOutput.sv Line: 1
Info (12021): Found 1 design units, including 1 entities, in source file shiftleft_16bit.sv
    Info (12023): Found entity 1: shiftLeft_16bit File: C:/Users/Admin/OneDrive/Desktop/nvalverdea_digital_design_lab_2024/laboratorio2/Problema2/16bits/shiftLeft_16bit.sv Line: 1
Info (12021): Found 1 design units, including 1 entities, in source file shiftright_16bit.sv
    Info (12023): Found entity 1: shiftRight_16bit File: C:/Users/Admin/OneDrive/Desktop/nvalverdea_digital_design_lab_2024/laboratorio2/Problema2/16bits/shiftRight_16bit.sv Line: 1
Info (12021): Found 1 design units, including 1 entities, in source file subtractor_16bit.sv
    Info (12023): Found entity 1: subtractor_16bit File: C:/Users/Admin/OneDrive/Desktop/nvalverdea_digital_design_lab_2024/laboratorio2/Problema2/16bits/subtractor_16bit.sv Line: 1
Info (12021): Found 1 design units, including 1 entities, in source file xor_16bit.sv
    Info (12023): Found entity 1: xor_16bit File: C:/Users/Admin/OneDrive/Desktop/nvalverdea_digital_design_lab_2024/laboratorio2/Problema2/16bits/xor_16bit.sv Line: 1
Warning (10236): Verilog HDL Implicit Net warning at alu_16bit.sv(15): created implicit net for "add_CFlag" File: C:/Users/Admin/OneDrive/Desktop/nvalverdea_digital_design_lab_2024/laboratorio2/Problema2/16bits/alu_16bit.sv Line: 15
Warning (10236): Verilog HDL Implicit Net warning at alu_16bit.sv(15): created implicit net for "add_VFlag" File: C:/Users/Admin/OneDrive/Desktop/nvalverdea_digital_design_lab_2024/laboratorio2/Problema2/16bits/alu_16bit.sv Line: 15
Warning (10236): Verilog HDL Implicit Net warning at alu_16bit.sv(15): created implicit net for "add_ZFlag" File: C:/Users/Admin/OneDrive/Desktop/nvalverdea_digital_design_lab_2024/laboratorio2/Problema2/16bits/alu_16bit.sv Line: 15
Warning (10236): Verilog HDL Implicit Net warning at alu_16bit.sv(16): created implicit net for "sub_CFlag" File: C:/Users/Admin/OneDrive/Desktop/nvalverdea_digital_design_lab_2024/laboratorio2/Problema2/16bits/alu_16bit.sv Line: 16
Warning (10236): Verilog HDL Implicit Net warning at alu_16bit.sv(16): created implicit net for "sub_VFlag" File: C:/Users/Admin/OneDrive/Desktop/nvalverdea_digital_design_lab_2024/laboratorio2/Problema2/16bits/alu_16bit.sv Line: 16
Warning (10236): Verilog HDL Implicit Net warning at alu_16bit.sv(16): created implicit net for "sub_ZFlag" File: C:/Users/Admin/OneDrive/Desktop/nvalverdea_digital_design_lab_2024/laboratorio2/Problema2/16bits/alu_16bit.sv Line: 16
Warning (10236): Verilog HDL Implicit Net warning at alu_16bit.sv(16): created implicit net for "sub_NFlag" File: C:/Users/Admin/OneDrive/Desktop/nvalverdea_digital_design_lab_2024/laboratorio2/Problema2/16bits/alu_16bit.sv Line: 16
Warning (10236): Verilog HDL Implicit Net warning at alu_16bit.sv(17): created implicit net for "mul_VFlag" File: C:/Users/Admin/OneDrive/Desktop/nvalverdea_digital_design_lab_2024/laboratorio2/Problema2/16bits/alu_16bit.sv Line: 17
Warning (10236): Verilog HDL Implicit Net warning at alu_16bit.sv(17): created implicit net for "mul_ZFlag" File: C:/Users/Admin/OneDrive/Desktop/nvalverdea_digital_design_lab_2024/laboratorio2/Problema2/16bits/alu_16bit.sv Line: 17
Warning (10236): Verilog HDL Implicit Net warning at alu_16bit.sv(18): created implicit net for "div_VFlag" File: C:/Users/Admin/OneDrive/Desktop/nvalverdea_digital_design_lab_2024/laboratorio2/Problema2/16bits/alu_16bit.sv Line: 18
Warning (10236): Verilog HDL Implicit Net warning at alu_16bit.sv(18): created implicit net for "div_ZFlag" File: C:/Users/Admin/OneDrive/Desktop/nvalverdea_digital_design_lab_2024/laboratorio2/Problema2/16bits/alu_16bit.sv Line: 18
Warning (10236): Verilog HDL Implicit Net warning at alu_16bit.sv(19): created implicit net for "and_ZFlag" File: C:/Users/Admin/OneDrive/Desktop/nvalverdea_digital_design_lab_2024/laboratorio2/Problema2/16bits/alu_16bit.sv Line: 19
Warning (10236): Verilog HDL Implicit Net warning at alu_16bit.sv(20): created implicit net for "or_ZFlag" File: C:/Users/Admin/OneDrive/Desktop/nvalverdea_digital_design_lab_2024/laboratorio2/Problema2/16bits/alu_16bit.sv Line: 20
Warning (10236): Verilog HDL Implicit Net warning at alu_16bit.sv(21): created implicit net for "xor_ZFlag" File: C:/Users/Admin/OneDrive/Desktop/nvalverdea_digital_design_lab_2024/laboratorio2/Problema2/16bits/alu_16bit.sv Line: 21
Warning (10236): Verilog HDL Implicit Net warning at alu_16bit.sv(22): created implicit net for "left_ZFlag" File: C:/Users/Admin/OneDrive/Desktop/nvalverdea_digital_design_lab_2024/laboratorio2/Problema2/16bits/alu_16bit.sv Line: 22
Warning (10236): Verilog HDL Implicit Net warning at alu_16bit.sv(22): created implicit net for "left_CFlag" File: C:/Users/Admin/OneDrive/Desktop/nvalverdea_digital_design_lab_2024/laboratorio2/Problema2/16bits/alu_16bit.sv Line: 22
Warning (10236): Verilog HDL Implicit Net warning at alu_16bit.sv(23): created implicit net for "right_ZFlag" File: C:/Users/Admin/OneDrive/Desktop/nvalverdea_digital_design_lab_2024/laboratorio2/Problema2/16bits/alu_16bit.sv Line: 23
Warning (10236): Verilog HDL Implicit Net warning at alu_16bit.sv(23): created implicit net for "right_CFlag" File: C:/Users/Admin/OneDrive/Desktop/nvalverdea_digital_design_lab_2024/laboratorio2/Problema2/16bits/alu_16bit.sv Line: 23
Info (12127): Elaborating entity "alu_16bit" for the top level hierarchy
Info (12128): Elaborating entity "adder_16bit" for hierarchy "adder_16bit:adder" File: C:/Users/Admin/OneDrive/Desktop/nvalverdea_digital_design_lab_2024/laboratorio2/Problema2/16bits/alu_16bit.sv Line: 15
Warning (10030): Net "sum[4]" at adder_16bit.sv(4) has no driver or initial value, using a default initial value '0' File: C:/Users/Admin/OneDrive/Desktop/nvalverdea_digital_design_lab_2024/laboratorio2/Problema2/16bits/adder_16bit.sv Line: 4
Info (12128): Elaborating entity "subtractor_16bit" for hierarchy "subtractor_16bit:subtractor" File: C:/Users/Admin/OneDrive/Desktop/nvalverdea_digital_design_lab_2024/laboratorio2/Problema2/16bits/alu_16bit.sv Line: 16
Warning (10034): Output port "diff[16]" at subtractor_16bit.sv(4) has no driver File: C:/Users/Admin/OneDrive/Desktop/nvalverdea_digital_design_lab_2024/laboratorio2/Problema2/16bits/subtractor_16bit.sv Line: 4
Info (12128): Elaborating entity "multiplier_16bit" for hierarchy "multiplier_16bit:multiplier" File: C:/Users/Admin/OneDrive/Desktop/nvalverdea_digital_design_lab_2024/laboratorio2/Problema2/16bits/alu_16bit.sv Line: 17
Warning (10230): Verilog HDL assignment warning at multiplier_16bit.sv(17): truncated value with size 16 to match size of target (8) File: C:/Users/Admin/OneDrive/Desktop/nvalverdea_digital_design_lab_2024/laboratorio2/Problema2/16bits/multiplier_16bit.sv Line: 17
Info (12128): Elaborating entity "divider_16bit" for hierarchy "divider_16bit:divider" File: C:/Users/Admin/OneDrive/Desktop/nvalverdea_digital_design_lab_2024/laboratorio2/Problema2/16bits/alu_16bit.sv Line: 18
Warning (10034): Output port "overflow" at divider_16bit.sv(5) has no driver File: C:/Users/Admin/OneDrive/Desktop/nvalverdea_digital_design_lab_2024/laboratorio2/Problema2/16bits/divider_16bit.sv Line: 5
Warning (10034): Output port "zero" at divider_16bit.sv(8) has no driver File: C:/Users/Admin/OneDrive/Desktop/nvalverdea_digital_design_lab_2024/laboratorio2/Problema2/16bits/divider_16bit.sv Line: 8
Info (12128): Elaborating entity "and_16bit" for hierarchy "and_16bit:andd" File: C:/Users/Admin/OneDrive/Desktop/nvalverdea_digital_design_lab_2024/laboratorio2/Problema2/16bits/alu_16bit.sv Line: 19
Info (12128): Elaborating entity "or_16bit" for hierarchy "or_16bit:orr" File: C:/Users/Admin/OneDrive/Desktop/nvalverdea_digital_design_lab_2024/laboratorio2/Problema2/16bits/alu_16bit.sv Line: 20
Info (12128): Elaborating entity "xor_16bit" for hierarchy "xor_16bit:xorr" File: C:/Users/Admin/OneDrive/Desktop/nvalverdea_digital_design_lab_2024/laboratorio2/Problema2/16bits/alu_16bit.sv Line: 21
Info (12128): Elaborating entity "shiftLeft_16bit" for hierarchy "shiftLeft_16bit:left" File: C:/Users/Admin/OneDrive/Desktop/nvalverdea_digital_design_lab_2024/laboratorio2/Problema2/16bits/alu_16bit.sv Line: 22
Info (12128): Elaborating entity "shiftRight_16bit" for hierarchy "shiftRight_16bit:right" File: C:/Users/Admin/OneDrive/Desktop/nvalverdea_digital_design_lab_2024/laboratorio2/Problema2/16bits/alu_16bit.sv Line: 23
Info (278001): Inferred 1 megafunctions from design logic
    Info (278004): Inferred divider/modulo megafunction ("lpm_divide") from the following logic: "divider_16bit:divider|Div0" File: C:/Users/Admin/OneDrive/Desktop/nvalverdea_digital_design_lab_2024/laboratorio2/Problema2/16bits/divider_16bit.sv Line: 12
Info (12130): Elaborated megafunction instantiation "divider_16bit:divider|lpm_divide:Div0" File: C:/Users/Admin/OneDrive/Desktop/nvalverdea_digital_design_lab_2024/laboratorio2/Problema2/16bits/divider_16bit.sv Line: 12
Info (12133): Instantiated megafunction "divider_16bit:divider|lpm_divide:Div0" with the following parameter: File: C:/Users/Admin/OneDrive/Desktop/nvalverdea_digital_design_lab_2024/laboratorio2/Problema2/16bits/divider_16bit.sv Line: 12
    Info (12134): Parameter "LPM_WIDTHN" = "16"
    Info (12134): Parameter "LPM_WIDTHD" = "16"
    Info (12134): Parameter "LPM_NREPRESENTATION" = "UNSIGNED"
    Info (12134): Parameter "LPM_DREPRESENTATION" = "UNSIGNED"
Info (12021): Found 1 design units, including 1 entities, in source file db/lpm_divide_7dm.tdf
    Info (12023): Found entity 1: lpm_divide_7dm File: C:/Users/Admin/OneDrive/Desktop/nvalverdea_digital_design_lab_2024/laboratorio2/Problema2/16bits/db/lpm_divide_7dm.tdf Line: 25
Info (12021): Found 1 design units, including 1 entities, in source file db/sign_div_unsign_dnh.tdf
    Info (12023): Found entity 1: sign_div_unsign_dnh File: C:/Users/Admin/OneDrive/Desktop/nvalverdea_digital_design_lab_2024/laboratorio2/Problema2/16bits/db/sign_div_unsign_dnh.tdf Line: 25
Info (12021): Found 1 design units, including 1 entities, in source file db/alt_u_div_03f.tdf
    Info (12023): Found entity 1: alt_u_div_03f File: C:/Users/Admin/OneDrive/Desktop/nvalverdea_digital_design_lab_2024/laboratorio2/Problema2/16bits/db/alt_u_div_03f.tdf Line: 23
Warning (12241): 1 hierarchies have connectivity warnings - see the Connectivity Checks report folder
Warning (13024): Output pins are stuck at VCC or GND
    Warning (13410): Pin "result[16]" is stuck at GND File: C:/Users/Admin/OneDrive/Desktop/nvalverdea_digital_design_lab_2024/laboratorio2/Problema2/16bits/alu_16bit.sv Line: 9
    Warning (13410): Pin "result[17]" is stuck at GND File: C:/Users/Admin/OneDrive/Desktop/nvalverdea_digital_design_lab_2024/laboratorio2/Problema2/16bits/alu_16bit.sv Line: 9
    Warning (13410): Pin "result[18]" is stuck at GND File: C:/Users/Admin/OneDrive/Desktop/nvalverdea_digital_design_lab_2024/laboratorio2/Problema2/16bits/alu_16bit.sv Line: 9
    Warning (13410): Pin "result[19]" is stuck at GND File: C:/Users/Admin/OneDrive/Desktop/nvalverdea_digital_design_lab_2024/laboratorio2/Problema2/16bits/alu_16bit.sv Line: 9
    Warning (13410): Pin "result[20]" is stuck at GND File: C:/Users/Admin/OneDrive/Desktop/nvalverdea_digital_design_lab_2024/laboratorio2/Problema2/16bits/alu_16bit.sv Line: 9
    Warning (13410): Pin "result[21]" is stuck at GND File: C:/Users/Admin/OneDrive/Desktop/nvalverdea_digital_design_lab_2024/laboratorio2/Problema2/16bits/alu_16bit.sv Line: 9
    Warning (13410): Pin "result[22]" is stuck at GND File: C:/Users/Admin/OneDrive/Desktop/nvalverdea_digital_design_lab_2024/laboratorio2/Problema2/16bits/alu_16bit.sv Line: 9
    Warning (13410): Pin "result[23]" is stuck at GND File: C:/Users/Admin/OneDrive/Desktop/nvalverdea_digital_design_lab_2024/laboratorio2/Problema2/16bits/alu_16bit.sv Line: 9
    Warning (13410): Pin "result[24]" is stuck at GND File: C:/Users/Admin/OneDrive/Desktop/nvalverdea_digital_design_lab_2024/laboratorio2/Problema2/16bits/alu_16bit.sv Line: 9
    Warning (13410): Pin "result[25]" is stuck at GND File: C:/Users/Admin/OneDrive/Desktop/nvalverdea_digital_design_lab_2024/laboratorio2/Problema2/16bits/alu_16bit.sv Line: 9
    Warning (13410): Pin "result[26]" is stuck at GND File: C:/Users/Admin/OneDrive/Desktop/nvalverdea_digital_design_lab_2024/laboratorio2/Problema2/16bits/alu_16bit.sv Line: 9
    Warning (13410): Pin "result[27]" is stuck at GND File: C:/Users/Admin/OneDrive/Desktop/nvalverdea_digital_design_lab_2024/laboratorio2/Problema2/16bits/alu_16bit.sv Line: 9
    Warning (13410): Pin "result[28]" is stuck at GND File: C:/Users/Admin/OneDrive/Desktop/nvalverdea_digital_design_lab_2024/laboratorio2/Problema2/16bits/alu_16bit.sv Line: 9
    Warning (13410): Pin "result[29]" is stuck at GND File: C:/Users/Admin/OneDrive/Desktop/nvalverdea_digital_design_lab_2024/laboratorio2/Problema2/16bits/alu_16bit.sv Line: 9
    Warning (13410): Pin "result[30]" is stuck at GND File: C:/Users/Admin/OneDrive/Desktop/nvalverdea_digital_design_lab_2024/laboratorio2/Problema2/16bits/alu_16bit.sv Line: 9
    Warning (13410): Pin "result[31]" is stuck at GND File: C:/Users/Admin/OneDrive/Desktop/nvalverdea_digital_design_lab_2024/laboratorio2/Problema2/16bits/alu_16bit.sv Line: 9
Info (286030): Timing-Driven Synthesis is running
Info (144001): Generated suppressed messages file C:/Users/Admin/OneDrive/Desktop/nvalverdea_digital_design_lab_2024/laboratorio2/Problema2/16bits/output_files/alu_16bit.map.smsg
Info (16010): Generating hard_block partition "hard_block:auto_generated_inst"
    Info (16011): Adding 0 node(s), including 0 DDIO, 0 PLL, 0 transceiver and 0 LCELL
Info (21057): Implemented 426 device resources after synthesis - the final resource count might be different
    Info (21058): Implemented 37 input pins
    Info (21059): Implemented 32 output pins
    Info (21061): Implemented 357 logic cells
Info: Quartus Prime Analysis & Synthesis was successful. 0 errors, 42 warnings
    Info: Peak virtual memory: 4810 megabytes
    Info: Processing ended: Wed Mar 06 00:16:07 2024
    Info: Elapsed time: 00:00:16
    Info: Total CPU time (on all processors): 00:00:32


+------------------------------------------+
; Analysis & Synthesis Suppressed Messages ;
+------------------------------------------+
The suppressed messages can be found in C:/Users/Admin/OneDrive/Desktop/nvalverdea_digital_design_lab_2024/laboratorio2/Problema2/16bits/output_files/alu_16bit.map.smsg.


