Analysis & Elaboration report for Battleship
Tue Apr 09 15:54:07 2024
Quartus Prime Version 20.1.0 Build 711 06/05/2020 SJ Lite Edition


---------------------
; Table of Contents ;
---------------------
  1. Legal Notice
  2. Analysis & Elaboration Summary
  3. Parallel Compilation
  4. Parameter Settings for User Entity Instance: vga:vga_inst|vgaController:vgaCont
  5. Parameter Settings for User Entity Instance: vga:vga_inst|videoGen:videoGen_inst
  6. Analysis & Elaboration Settings
  7. Port Connectivity Checks: "vga:vga_inst"
  8. Port Connectivity Checks: "segmentOutput:segment2"
  9. Port Connectivity Checks: "segmentOutput:segment1"
 10. Analysis & Elaboration Messages



----------------
; Legal Notice ;
----------------
Copyright (C) 2020  Intel Corporation. All rights reserved.
Your use of Intel Corporation's design tools, logic functions 
and other software and tools, and any partner logic 
functions, and any output files from any of the foregoing 
(including device programming or simulation files), and any 
associated documentation or information are expressly subject 
to the terms and conditions of the Intel Program License 
Subscription Agreement, the Intel Quartus Prime License Agreement,
the Intel FPGA IP License Agreement, or other applicable license
agreement, including, without limitation, that your use is for
the sole purpose of programming logic devices manufactured by
Intel and sold by Intel or its authorized distributors.  Please
refer to the applicable agreement for further details, at
https://fpgasoftware.intel.com/eula.



+-----------------------------------------------------------------------------+
; Analysis & Elaboration Summary                                              ;
+-------------------------------+---------------------------------------------+
; Analysis & Elaboration Status ; Successful - Tue Apr 09 15:54:07 2024       ;
; Quartus Prime Version         ; 20.1.0 Build 711 06/05/2020 SJ Lite Edition ;
; Revision Name                 ; Battleship                                  ;
; Top-level Entity Name         ; Battleship                                  ;
; Family                        ; Cyclone V                                   ;
; Logic utilization (in ALMs)   ; N/A until Partition Merge                   ;
; Total registers               ; N/A until Partition Merge                   ;
; Total pins                    ; N/A until Partition Merge                   ;
; Total virtual pins            ; N/A until Partition Merge                   ;
; Total block memory bits       ; N/A until Partition Merge                   ;
; Total PLLs                    ; N/A until Partition Merge                   ;
; Total DLLs                    ; N/A until Partition Merge                   ;
+-------------------------------+---------------------------------------------+


+------------------------------------------+
; Parallel Compilation                     ;
+----------------------------+-------------+
; Processors                 ; Number      ;
+----------------------------+-------------+
; Number detected on machine ; 12          ;
; Maximum allowed            ; 6           ;
;                            ;             ;
; Average used               ; 1.00        ;
; Maximum used               ; 1           ;
;                            ;             ;
; Usage by Processor         ; % Time Used ;
;     Processor 1            ; 100.0%      ;
+----------------------------+-------------+


+---------------------------------------------------------------------------------+
; Parameter Settings for User Entity Instance: vga:vga_inst|vgaController:vgaCont ;
+----------------+------------+---------------------------------------------------+
; Parameter Name ; Value      ; Type                                              ;
+----------------+------------+---------------------------------------------------+
; HACTIVE        ; 1010000000 ; Unsigned Binary                                   ;
; HFP            ; 0000010000 ; Unsigned Binary                                   ;
; HSYN           ; 0001100000 ; Unsigned Binary                                   ;
; HBP            ; 0000110000 ; Unsigned Binary                                   ;
; HMAX           ; 1100100000 ; Unsigned Binary                                   ;
; VBP            ; 0000100000 ; Unsigned Binary                                   ;
; VACTIVE        ; 0111100000 ; Unsigned Binary                                   ;
; VFP            ; 0000001011 ; Unsigned Binary                                   ;
; VSYN           ; 0000000010 ; Unsigned Binary                                   ;
; VMAX           ; 1000001101 ; Unsigned Binary                                   ;
+----------------+------------+---------------------------------------------------+
Note: In order to hide this table in the UI and the text report file, please set the "Show Parameter Settings in Synthesis Report" option in "Analysis and Synthesis Settings -> More Settings" to "Off".


+----------------------------------------------------------------------------------+
; Parameter Settings for User Entity Instance: vga:vga_inst|videoGen:videoGen_inst ;
+----------------+--------------------------+--------------------------------------+
; Parameter Name ; Value                    ; Type                                 ;
+----------------+--------------------------+--------------------------------------+
; GREY           ; 100110011001100110011001 ; Unsigned Binary                      ;
; GREEN          ; 000000001010011001000001 ; Unsigned Binary                      ;
; YELLOW         ; 111000111101010000000000 ; Unsigned Binary                      ;
; RED            ; 110100000011000100101101 ; Unsigned Binary                      ;
; WHITE          ; 000000000000000000000001 ; Unsigned Binary                      ;
; BLACK          ; 000000000000000000000000 ; Unsigned Binary                      ;
; OCEANBLUE      ; 000000000111011110111110 ; Unsigned Binary                      ;
; SQUARE_WIDTH   ; 58                       ; Signed Integer                       ;
; SQUARE_HEIGHT  ; 58                       ; Signed Integer                       ;
+----------------+--------------------------+--------------------------------------+
Note: In order to hide this table in the UI and the text report file, please set the "Show Parameter Settings in Synthesis Report" option in "Analysis and Synthesis Settings -> More Settings" to "Off".


+---------------------------------------------------------------------------------------------------------------------------+
; Analysis & Elaboration Settings                                                                                           ;
+---------------------------------------------------------------------------------+--------------------+--------------------+
; Option                                                                          ; Setting            ; Default Value      ;
+---------------------------------------------------------------------------------+--------------------+--------------------+
; Device                                                                          ; 5CSEMA5F31C6       ;                    ;
; Top-level entity name                                                           ; Battleship         ; Battleship         ;
; Family name                                                                     ; Cyclone V          ; Cyclone V          ;
; Use smart compilation                                                           ; Off                ; Off                ;
; Enable parallel Assembler and Timing Analyzer during compilation                ; On                 ; On                 ;
; Enable compact report table                                                     ; Off                ; Off                ;
; Restructure Multiplexers                                                        ; Auto               ; Auto               ;
; MLAB Add Timing Constraints For Mixed-Port Feed-Through Mode Setting Don't Care ; Off                ; Off                ;
; Create Debugging Nodes for IP Cores                                             ; Off                ; Off                ;
; Preserve fewer node names                                                       ; On                 ; On                 ;
; Intel FPGA IP Evaluation Mode                                                   ; Enable             ; Enable             ;
; Verilog Version                                                                 ; Verilog_2001       ; Verilog_2001       ;
; VHDL Version                                                                    ; VHDL_1993          ; VHDL_1993          ;
; State Machine Processing                                                        ; Auto               ; Auto               ;
; Safe State Machine                                                              ; Off                ; Off                ;
; Extract Verilog State Machines                                                  ; On                 ; On                 ;
; Extract VHDL State Machines                                                     ; On                 ; On                 ;
; Ignore Verilog initial constructs                                               ; Off                ; Off                ;
; Iteration limit for constant Verilog loops                                      ; 5000               ; 5000               ;
; Iteration limit for non-constant Verilog loops                                  ; 250                ; 250                ;
; Add Pass-Through Logic to Inferred RAMs                                         ; On                 ; On                 ;
; Infer RAMs from Raw Logic                                                       ; On                 ; On                 ;
; Parallel Synthesis                                                              ; On                 ; On                 ;
; DSP Block Balancing                                                             ; Auto               ; Auto               ;
; NOT Gate Push-Back                                                              ; On                 ; On                 ;
; Power-Up Don't Care                                                             ; On                 ; On                 ;
; Remove Redundant Logic Cells                                                    ; Off                ; Off                ;
; Remove Duplicate Registers                                                      ; On                 ; On                 ;
; Ignore CARRY Buffers                                                            ; Off                ; Off                ;
; Ignore CASCADE Buffers                                                          ; Off                ; Off                ;
; Ignore GLOBAL Buffers                                                           ; Off                ; Off                ;
; Ignore ROW GLOBAL Buffers                                                       ; Off                ; Off                ;
; Ignore LCELL Buffers                                                            ; Off                ; Off                ;
; Ignore SOFT Buffers                                                             ; On                 ; On                 ;
; Limit AHDL Integers to 32 Bits                                                  ; Off                ; Off                ;
; Optimization Technique                                                          ; Balanced           ; Balanced           ;
; Carry Chain Length                                                              ; 70                 ; 70                 ;
; Auto Carry Chains                                                               ; On                 ; On                 ;
; Auto Open-Drain Pins                                                            ; On                 ; On                 ;
; Perform WYSIWYG Primitive Resynthesis                                           ; Off                ; Off                ;
; Auto ROM Replacement                                                            ; On                 ; On                 ;
; Auto RAM Replacement                                                            ; On                 ; On                 ;
; Auto DSP Block Replacement                                                      ; On                 ; On                 ;
; Auto Shift Register Replacement                                                 ; Auto               ; Auto               ;
; Allow Shift Register Merging across Hierarchies                                 ; Auto               ; Auto               ;
; Auto Clock Enable Replacement                                                   ; On                 ; On                 ;
; Strict RAM Replacement                                                          ; Off                ; Off                ;
; Allow Synchronous Control Signals                                               ; On                 ; On                 ;
; Force Use of Synchronous Clear Signals                                          ; Off                ; Off                ;
; Auto Resource Sharing                                                           ; Off                ; Off                ;
; Allow Any RAM Size For Recognition                                              ; Off                ; Off                ;
; Allow Any ROM Size For Recognition                                              ; Off                ; Off                ;
; Allow Any Shift Register Size For Recognition                                   ; Off                ; Off                ;
; Use LogicLock Constraints during Resource Balancing                             ; On                 ; On                 ;
; Ignore translate_off and synthesis_off directives                               ; Off                ; Off                ;
; Timing-Driven Synthesis                                                         ; On                 ; On                 ;
; Report Parameter Settings                                                       ; On                 ; On                 ;
; Report Source Assignments                                                       ; On                 ; On                 ;
; Report Connectivity Checks                                                      ; On                 ; On                 ;
; Ignore Maximum Fan-Out Assignments                                              ; Off                ; Off                ;
; Synchronization Register Chain Length                                           ; 3                  ; 3                  ;
; Power Optimization During Synthesis                                             ; Normal compilation ; Normal compilation ;
; HDL message level                                                               ; Level2             ; Level2             ;
; Suppress Register Optimization Related Messages                                 ; Off                ; Off                ;
; Number of Removed Registers Reported in Synthesis Report                        ; 5000               ; 5000               ;
; Number of Swept Nodes Reported in Synthesis Report                              ; 5000               ; 5000               ;
; Number of Inverted Registers Reported in Synthesis Report                       ; 100                ; 100                ;
; Clock MUX Protection                                                            ; On                 ; On                 ;
; Auto Gated Clock Conversion                                                     ; Off                ; Off                ;
; Block Design Naming                                                             ; Auto               ; Auto               ;
; SDC constraint protection                                                       ; Off                ; Off                ;
; Synthesis Effort                                                                ; Auto               ; Auto               ;
; Shift Register Replacement - Allow Asynchronous Clear Signal                    ; On                 ; On                 ;
; Pre-Mapping Resynthesis Optimization                                            ; Off                ; Off                ;
; Analysis & Synthesis Message Level                                              ; Medium             ; Medium             ;
; Disable Register Merging Across Hierarchies                                     ; Auto               ; Auto               ;
; Resource Aware Inference For Block RAM                                          ; On                 ; On                 ;
; Automatic Parallel Synthesis                                                    ; On                 ; On                 ;
; Partial Reconfiguration Bitstream ID                                            ; Off                ; Off                ;
+---------------------------------------------------------------------------------+--------------------+--------------------+


+------------------------------------------------------------+
; Port Connectivity Checks: "vga:vga_inst"                   ;
+--------------------------+-------+----------+--------------+
; Port                     ; Type  ; Severity ; Details      ;
+--------------------------+-------+----------+--------------+
; matriz_barcos[4][4][1]   ; Input ; Info     ; Stuck at GND ;
; matriz_barcos[4][4][0]   ; Input ; Info     ; Stuck at VCC ;
; matriz_barcos[4][3][1]   ; Input ; Info     ; Stuck at GND ;
; matriz_barcos[4][3][0]   ; Input ; Info     ; Stuck at VCC ;
; matriz_barcos[4][2][1]   ; Input ; Info     ; Stuck at GND ;
; matriz_barcos[4][2][0]   ; Input ; Info     ; Stuck at VCC ;
; matriz_barcos[4][1][1]   ; Input ; Info     ; Stuck at GND ;
; matriz_barcos[4][1][0]   ; Input ; Info     ; Stuck at VCC ;
; matriz_barcos[4][0][1]   ; Input ; Info     ; Stuck at GND ;
; matriz_barcos[4][0][0]   ; Input ; Info     ; Stuck at VCC ;
; matriz_barcos[3][4]      ; Input ; Info     ; Stuck at GND ;
; matriz_barcos[3][3][1]   ; Input ; Info     ; Stuck at GND ;
; matriz_barcos[3][3][0]   ; Input ; Info     ; Stuck at VCC ;
; matriz_barcos[3][2][1]   ; Input ; Info     ; Stuck at GND ;
; matriz_barcos[3][2][0]   ; Input ; Info     ; Stuck at VCC ;
; matriz_barcos[3][1][1]   ; Input ; Info     ; Stuck at GND ;
; matriz_barcos[3][1][0]   ; Input ; Info     ; Stuck at VCC ;
; matriz_barcos[3][0]      ; Input ; Info     ; Stuck at GND ;
; matriz_barcos[2][4][1]   ; Input ; Info     ; Stuck at GND ;
; matriz_barcos[2][4][0]   ; Input ; Info     ; Stuck at VCC ;
; matriz_barcos[2][3][1]   ; Input ; Info     ; Stuck at GND ;
; matriz_barcos[2][3][0]   ; Input ; Info     ; Stuck at VCC ;
; matriz_barcos[2][2][1]   ; Input ; Info     ; Stuck at GND ;
; matriz_barcos[2][2][0]   ; Input ; Info     ; Stuck at VCC ;
; matriz_barcos[2][1][1]   ; Input ; Info     ; Stuck at GND ;
; matriz_barcos[2][1][0]   ; Input ; Info     ; Stuck at VCC ;
; matriz_barcos[2][0]      ; Input ; Info     ; Stuck at GND ;
; matriz_barcos[1][1..0]   ; Input ; Info     ; Stuck at GND ;
; matriz_barcos[1][4]      ; Input ; Info     ; Stuck at GND ;
; matriz_barcos[1][3][1]   ; Input ; Info     ; Stuck at GND ;
; matriz_barcos[1][3][0]   ; Input ; Info     ; Stuck at VCC ;
; matriz_barcos[1][2][1]   ; Input ; Info     ; Stuck at GND ;
; matriz_barcos[1][2][0]   ; Input ; Info     ; Stuck at VCC ;
; matriz_barcos[0][3..0]   ; Input ; Info     ; Stuck at GND ;
; matriz_barcos[0][4][1]   ; Input ; Info     ; Stuck at GND ;
; matriz_barcos[0][4][0]   ; Input ; Info     ; Stuck at VCC ;
; matriz_golpes[4][4..3]   ; Input ; Info     ; Stuck at GND ;
; matriz_golpes[4][1..0]   ; Input ; Info     ; Stuck at GND ;
; matriz_golpes[4][2][1]   ; Input ; Info     ; Stuck at VCC ;
; matriz_golpes[4][2][0]   ; Input ; Info     ; Stuck at GND ;
; matriz_golpes[3][2..1]   ; Input ; Info     ; Stuck at GND ;
; matriz_golpes[3][4][1]   ; Input ; Info     ; Stuck at GND ;
; matriz_golpes[3][4][0]   ; Input ; Info     ; Stuck at VCC ;
; matriz_golpes[3][3][1]   ; Input ; Info     ; Stuck at VCC ;
; matriz_golpes[3][3][0]   ; Input ; Info     ; Stuck at GND ;
; matriz_golpes[3][0][1]   ; Input ; Info     ; Stuck at GND ;
; matriz_golpes[3][0][0]   ; Input ; Info     ; Stuck at VCC ;
; matriz_golpes[2][3..0]   ; Input ; Info     ; Stuck at GND ;
; matriz_golpes[2][4][1]   ; Input ; Info     ; Stuck at VCC ;
; matriz_golpes[2][4][0]   ; Input ; Info     ; Stuck at GND ;
; matriz_golpes[1][4..2]   ; Input ; Info     ; Stuck at GND ;
; matriz_golpes[1][1][1]   ; Input ; Info     ; Stuck at GND ;
; matriz_golpes[1][1][0]   ; Input ; Info     ; Stuck at VCC ;
; matriz_golpes[1][0]      ; Input ; Info     ; Stuck at GND ;
; matriz_golpes[0]         ; Input ; Info     ; Stuck at GND ;
; matriz_disparos[4][4][1] ; Input ; Info     ; Stuck at GND ;
; matriz_disparos[4][4][0] ; Input ; Info     ; Stuck at VCC ;
; matriz_disparos[4][3][1] ; Input ; Info     ; Stuck at GND ;
; matriz_disparos[4][3][0] ; Input ; Info     ; Stuck at VCC ;
; matriz_disparos[4][2][1] ; Input ; Info     ; Stuck at GND ;
; matriz_disparos[4][2][0] ; Input ; Info     ; Stuck at VCC ;
; matriz_disparos[4][1][1] ; Input ; Info     ; Stuck at GND ;
; matriz_disparos[4][1][0] ; Input ; Info     ; Stuck at VCC ;
; matriz_disparos[4][0][1] ; Input ; Info     ; Stuck at GND ;
; matriz_disparos[4][0][0] ; Input ; Info     ; Stuck at VCC ;
; matriz_disparos[3][4][1] ; Input ; Info     ; Stuck at GND ;
; matriz_disparos[3][4][0] ; Input ; Info     ; Stuck at VCC ;
; matriz_disparos[3][3][1] ; Input ; Info     ; Stuck at GND ;
; matriz_disparos[3][3][0] ; Input ; Info     ; Stuck at VCC ;
; matriz_disparos[3][2][1] ; Input ; Info     ; Stuck at GND ;
; matriz_disparos[3][2][0] ; Input ; Info     ; Stuck at VCC ;
; matriz_disparos[3][1][1] ; Input ; Info     ; Stuck at GND ;
; matriz_disparos[3][1][0] ; Input ; Info     ; Stuck at VCC ;
; matriz_disparos[3][0][1] ; Input ; Info     ; Stuck at GND ;
; matriz_disparos[3][0][0] ; Input ; Info     ; Stuck at VCC ;
; matriz_disparos[2][4][1] ; Input ; Info     ; Stuck at GND ;
; matriz_disparos[2][4][0] ; Input ; Info     ; Stuck at VCC ;
; matriz_disparos[2][3][1] ; Input ; Info     ; Stuck at GND ;
; matriz_disparos[2][3][0] ; Input ; Info     ; Stuck at VCC ;
; matriz_disparos[2][2][1] ; Input ; Info     ; Stuck at GND ;
; matriz_disparos[2][2][0] ; Input ; Info     ; Stuck at VCC ;
; matriz_disparos[2][1][1] ; Input ; Info     ; Stuck at GND ;
; matriz_disparos[2][1][0] ; Input ; Info     ; Stuck at VCC ;
; matriz_disparos[2][0][1] ; Input ; Info     ; Stuck at GND ;
; matriz_disparos[2][0][0] ; Input ; Info     ; Stuck at VCC ;
; matriz_disparos[1][4][1] ; Input ; Info     ; Stuck at GND ;
; matriz_disparos[1][4][0] ; Input ; Info     ; Stuck at VCC ;
; matriz_disparos[1][3][1] ; Input ; Info     ; Stuck at GND ;
; matriz_disparos[1][3][0] ; Input ; Info     ; Stuck at VCC ;
; matriz_disparos[1][2][1] ; Input ; Info     ; Stuck at GND ;
; matriz_disparos[1][2][0] ; Input ; Info     ; Stuck at VCC ;
; matriz_disparos[1][1][1] ; Input ; Info     ; Stuck at GND ;
; matriz_disparos[1][1][0] ; Input ; Info     ; Stuck at VCC ;
; matriz_disparos[1][0][1] ; Input ; Info     ; Stuck at GND ;
; matriz_disparos[1][0][0] ; Input ; Info     ; Stuck at VCC ;
; matriz_disparos[0][4][1] ; Input ; Info     ; Stuck at GND ;
; matriz_disparos[0][4][0] ; Input ; Info     ; Stuck at VCC ;
; matriz_disparos[0][3][1] ; Input ; Info     ; Stuck at GND ;
; matriz_disparos[0][3][0] ; Input ; Info     ; Stuck at VCC ;
; matriz_disparos[0][2][1] ; Input ; Info     ; Stuck at GND ;
; matriz_disparos[0][2][0] ; Input ; Info     ; Stuck at VCC ;
; matriz_disparos[0][1][1] ; Input ; Info     ; Stuck at GND ;
; matriz_disparos[0][1][0] ; Input ; Info     ; Stuck at VCC ;
; matriz_disparos[0][0][1] ; Input ; Info     ; Stuck at GND ;
; matriz_disparos[0][0][0] ; Input ; Info     ; Stuck at VCC ;
+--------------------------+-------+----------+--------------+


+--------------------------------------------------------------------------------------------------------------------------------------------------------------------------+
; Port Connectivity Checks: "segmentOutput:segment2"                                                                                                                       ;
+-------+-------+----------+-----------------------------------------------------------------------------------------------------------------------------------------------+
; Port  ; Type  ; Severity ; Details                                                                                                                                       ;
+-------+-------+----------+-----------------------------------------------------------------------------------------------------------------------------------------------+
; digit ; Input ; Warning  ; Input port expression (1 bits) is smaller than the input port (4 bits) it drives.  Extra input bit(s) "digit[3..1]" will be connected to GND. ;
; digit ; Input ; Info     ; Stuck at GND                                                                                                                                  ;
+-------+-------+----------+-----------------------------------------------------------------------------------------------------------------------------------------------+


+--------------------------------------------------------------------------------------------------------------------------------------------------------------------------+
; Port Connectivity Checks: "segmentOutput:segment1"                                                                                                                       ;
+-------+-------+----------+-----------------------------------------------------------------------------------------------------------------------------------------------+
; Port  ; Type  ; Severity ; Details                                                                                                                                       ;
+-------+-------+----------+-----------------------------------------------------------------------------------------------------------------------------------------------+
; digit ; Input ; Warning  ; Input port expression (1 bits) is smaller than the input port (4 bits) it drives.  Extra input bit(s) "digit[3..1]" will be connected to GND. ;
; digit ; Input ; Info     ; Stuck at GND                                                                                                                                  ;
+-------+-------+----------+-----------------------------------------------------------------------------------------------------------------------------------------------+


+---------------------------------+
; Analysis & Elaboration Messages ;
+---------------------------------+
Info: *******************************************************************
Info: Running Quartus Prime Analysis & Elaboration
    Info: Version 20.1.0 Build 711 06/05/2020 SJ Lite Edition
    Info: Processing started: Tue Apr 09 15:54:00 2024
Info: Command: quartus_map --read_settings_files=on --write_settings_files=off Battleship -c Battleship --analysis_and_elaboration
Warning (18236): Number of processors has not been specified which may cause overloading on shared machines.  Set the global assignment NUM_PARALLEL_PROCESSORS in your QSF to an appropriate value for best performance.
Info (20030): Parallel compilation is enabled and will use 6 of the 6 processors detected
Info (12021): Found 1 design units, including 1 entities, in source file vga.sv
    Info (12023): Found entity 1: vga File: C:/Users/nicva/nvalverdea_digital_design_lab_2024/laboratorio_3/vga.sv Line: 1
Info (12021): Found 1 design units, including 1 entities, in source file vgacontroller.sv
    Info (12023): Found entity 1: vgaController File: C:/Users/nicva/nvalverdea_digital_design_lab_2024/laboratorio_3/vgaController.sv Line: 1
Info (12021): Found 1 design units, including 1 entities, in source file videogen.sv
    Info (12023): Found entity 1: videoGen File: C:/Users/nicva/nvalverdea_digital_design_lab_2024/laboratorio_3/videoGen.sv Line: 1
Info (12021): Found 1 design units, including 1 entities, in source file chargenrom.sv
    Info (12023): Found entity 1: chargenrom File: C:/Users/nicva/nvalverdea_digital_design_lab_2024/laboratorio_3/chargenrom.sv Line: 1
Info (12021): Found 1 design units, including 1 entities, in source file rectgen.sv
    Info (12023): Found entity 1: rectgen File: C:/Users/nicva/nvalverdea_digital_design_lab_2024/laboratorio_3/rectgen.sv Line: 1
Info (12021): Found 1 design units, including 1 entities, in source file pll.sv
    Info (12023): Found entity 1: pll File: C:/Users/nicva/nvalverdea_digital_design_lab_2024/laboratorio_3/pll.sv Line: 1
Info (12021): Found 1 design units, including 1 entities, in source file battleship.sv
    Info (12023): Found entity 1: Battleship File: C:/Users/nicva/nvalverdea_digital_design_lab_2024/laboratorio_3/Battleship.sv Line: 1
Info (12021): Found 1 design units, including 1 entities, in source file segmentoutput.sv
    Info (12023): Found entity 1: segmentOutput File: C:/Users/nicva/nvalverdea_digital_design_lab_2024/laboratorio_3/segmentOutput.sv Line: 1
Info (12021): Found 1 design units, including 1 entities, in source file temporizador.sv
    Info (12023): Found entity 1: temporizador File: C:/Users/nicva/nvalverdea_digital_design_lab_2024/laboratorio_3/temporizador.sv Line: 1
Info (12021): Found 1 design units, including 1 entities, in source file contador.sv
    Info (12023): Found entity 1: contador File: C:/Users/nicva/nvalverdea_digital_design_lab_2024/laboratorio_3/contador.sv Line: 1
Info (12021): Found 1 design units, including 1 entities, in source file fsm.sv
    Info (12023): Found entity 1: FSM File: C:/Users/nicva/nvalverdea_digital_design_lab_2024/laboratorio_3/FSM.sv Line: 1
Warning (10236): Verilog HDL Implicit Net warning at Battleship.sv(26): created implicit net for "NUM_SHIPS_PC" File: C:/Users/nicva/nvalverdea_digital_design_lab_2024/laboratorio_3/Battleship.sv Line: 26
Warning (10236): Verilog HDL Implicit Net warning at Battleship.sv(27): created implicit net for "NUM_SHIPS_PLAYER" File: C:/Users/nicva/nvalverdea_digital_design_lab_2024/laboratorio_3/Battleship.sv Line: 27
Warning (10236): Verilog HDL Implicit Net warning at Battleship.sv(81): created implicit net for "position" File: C:/Users/nicva/nvalverdea_digital_design_lab_2024/laboratorio_3/Battleship.sv Line: 81
Info (12127): Elaborating entity "Battleship" for the top level hierarchy
Warning (10036): Verilog HDL or VHDL warning at Battleship.sv(81): object "position" assigned a value but never read File: C:/Users/nicva/nvalverdea_digital_design_lab_2024/laboratorio_3/Battleship.sv Line: 81
Warning (10235): Verilog HDL Always Construct warning at Battleship.sv(61): variable "ships" is read inside the Always Construct but isn't in the Always Construct's Event Control File: C:/Users/nicva/nvalverdea_digital_design_lab_2024/laboratorio_3/Battleship.sv Line: 61
Warning (10235): Verilog HDL Always Construct warning at Battleship.sv(62): variable "NUM_SHIPS_PC" is read inside the Always Construct but isn't in the Always Construct's Event Control File: C:/Users/nicva/nvalverdea_digital_design_lab_2024/laboratorio_3/Battleship.sv Line: 62
Warning (10230): Verilog HDL assignment warning at Battleship.sv(62): truncated value with size 32 to match size of target (1) File: C:/Users/nicva/nvalverdea_digital_design_lab_2024/laboratorio_3/Battleship.sv Line: 62
Warning (10235): Verilog HDL Always Construct warning at Battleship.sv(63): variable "NUM_SHIPS_PLAYER" is read inside the Always Construct but isn't in the Always Construct's Event Control File: C:/Users/nicva/nvalverdea_digital_design_lab_2024/laboratorio_3/Battleship.sv Line: 63
Warning (10230): Verilog HDL assignment warning at Battleship.sv(63): truncated value with size 32 to match size of target (1) File: C:/Users/nicva/nvalverdea_digital_design_lab_2024/laboratorio_3/Battleship.sv Line: 63
Warning (10240): Verilog HDL Always Construct warning at Battleship.sv(58): inferring latch(es) for variable "NUM_SHIPS_PC", which holds its previous value in one or more paths through the always construct File: C:/Users/nicva/nvalverdea_digital_design_lab_2024/laboratorio_3/Battleship.sv Line: 58
Warning (10240): Verilog HDL Always Construct warning at Battleship.sv(58): inferring latch(es) for variable "NUM_SHIPS_PLAYER", which holds its previous value in one or more paths through the always construct File: C:/Users/nicva/nvalverdea_digital_design_lab_2024/laboratorio_3/Battleship.sv Line: 58
Warning (10240): Verilog HDL Always Construct warning at Battleship.sv(58): inferring latch(es) for variable "start", which holds its previous value in one or more paths through the always construct File: C:/Users/nicva/nvalverdea_digital_design_lab_2024/laboratorio_3/Battleship.sv Line: 58
Warning (10230): Verilog HDL assignment warning at Battleship.sv(81): truncated value with size 64 to match size of target (1) File: C:/Users/nicva/nvalverdea_digital_design_lab_2024/laboratorio_3/Battleship.sv Line: 81
Warning (10034): Output port "t1" at Battleship.sv(13) has no driver File: C:/Users/nicva/nvalverdea_digital_design_lab_2024/laboratorio_3/Battleship.sv Line: 13
Warning (10034): Output port "t2" at Battleship.sv(14) has no driver File: C:/Users/nicva/nvalverdea_digital_design_lab_2024/laboratorio_3/Battleship.sv Line: 14
Warning (10034): Output port "player" at Battleship.sv(9) has no driver File: C:/Users/nicva/nvalverdea_digital_design_lab_2024/laboratorio_3/Battleship.sv Line: 9
Warning (10034): Output port "pc" at Battleship.sv(10) has no driver File: C:/Users/nicva/nvalverdea_digital_design_lab_2024/laboratorio_3/Battleship.sv Line: 10
Info (10041): Inferred latch for "start" at Battleship.sv(59) File: C:/Users/nicva/nvalverdea_digital_design_lab_2024/laboratorio_3/Battleship.sv Line: 59
Info (10041): Inferred latch for "NUM_SHIPS_PLAYER" at Battleship.sv(59) File: C:/Users/nicva/nvalverdea_digital_design_lab_2024/laboratorio_3/Battleship.sv Line: 59
Info (10041): Inferred latch for "NUM_SHIPS_PC" at Battleship.sv(59) File: C:/Users/nicva/nvalverdea_digital_design_lab_2024/laboratorio_3/Battleship.sv Line: 59
Info (10041): Inferred latch for "matriz_disparos[0][0][0]" at Battleship.sv(55) File: C:/Users/nicva/nvalverdea_digital_design_lab_2024/laboratorio_3/Battleship.sv Line: 55
Info (10041): Inferred latch for "matriz_disparos[0][0][1]" at Battleship.sv(55) File: C:/Users/nicva/nvalverdea_digital_design_lab_2024/laboratorio_3/Battleship.sv Line: 55
Info (10041): Inferred latch for "matriz_disparos[0][1][0]" at Battleship.sv(55) File: C:/Users/nicva/nvalverdea_digital_design_lab_2024/laboratorio_3/Battleship.sv Line: 55
Info (10041): Inferred latch for "matriz_disparos[0][1][1]" at Battleship.sv(55) File: C:/Users/nicva/nvalverdea_digital_design_lab_2024/laboratorio_3/Battleship.sv Line: 55
Info (10041): Inferred latch for "matriz_disparos[0][2][0]" at Battleship.sv(55) File: C:/Users/nicva/nvalverdea_digital_design_lab_2024/laboratorio_3/Battleship.sv Line: 55
Info (10041): Inferred latch for "matriz_disparos[0][2][1]" at Battleship.sv(55) File: C:/Users/nicva/nvalverdea_digital_design_lab_2024/laboratorio_3/Battleship.sv Line: 55
Info (10041): Inferred latch for "matriz_disparos[0][3][0]" at Battleship.sv(55) File: C:/Users/nicva/nvalverdea_digital_design_lab_2024/laboratorio_3/Battleship.sv Line: 55
Info (10041): Inferred latch for "matriz_disparos[0][3][1]" at Battleship.sv(55) File: C:/Users/nicva/nvalverdea_digital_design_lab_2024/laboratorio_3/Battleship.sv Line: 55
Info (10041): Inferred latch for "matriz_disparos[0][4][0]" at Battleship.sv(55) File: C:/Users/nicva/nvalverdea_digital_design_lab_2024/laboratorio_3/Battleship.sv Line: 55
Info (10041): Inferred latch for "matriz_disparos[0][4][1]" at Battleship.sv(55) File: C:/Users/nicva/nvalverdea_digital_design_lab_2024/laboratorio_3/Battleship.sv Line: 55
Info (10041): Inferred latch for "matriz_disparos[1][0][0]" at Battleship.sv(55) File: C:/Users/nicva/nvalverdea_digital_design_lab_2024/laboratorio_3/Battleship.sv Line: 55
Info (10041): Inferred latch for "matriz_disparos[1][0][1]" at Battleship.sv(55) File: C:/Users/nicva/nvalverdea_digital_design_lab_2024/laboratorio_3/Battleship.sv Line: 55
Info (10041): Inferred latch for "matriz_disparos[1][1][0]" at Battleship.sv(55) File: C:/Users/nicva/nvalverdea_digital_design_lab_2024/laboratorio_3/Battleship.sv Line: 55
Info (10041): Inferred latch for "matriz_disparos[1][1][1]" at Battleship.sv(55) File: C:/Users/nicva/nvalverdea_digital_design_lab_2024/laboratorio_3/Battleship.sv Line: 55
Info (10041): Inferred latch for "matriz_disparos[1][2][0]" at Battleship.sv(55) File: C:/Users/nicva/nvalverdea_digital_design_lab_2024/laboratorio_3/Battleship.sv Line: 55
Info (10041): Inferred latch for "matriz_disparos[1][2][1]" at Battleship.sv(55) File: C:/Users/nicva/nvalverdea_digital_design_lab_2024/laboratorio_3/Battleship.sv Line: 55
Info (10041): Inferred latch for "matriz_disparos[1][3][0]" at Battleship.sv(55) File: C:/Users/nicva/nvalverdea_digital_design_lab_2024/laboratorio_3/Battleship.sv Line: 55
Info (10041): Inferred latch for "matriz_disparos[1][3][1]" at Battleship.sv(55) File: C:/Users/nicva/nvalverdea_digital_design_lab_2024/laboratorio_3/Battleship.sv Line: 55
Info (10041): Inferred latch for "matriz_disparos[1][4][0]" at Battleship.sv(55) File: C:/Users/nicva/nvalverdea_digital_design_lab_2024/laboratorio_3/Battleship.sv Line: 55
Info (10041): Inferred latch for "matriz_disparos[1][4][1]" at Battleship.sv(55) File: C:/Users/nicva/nvalverdea_digital_design_lab_2024/laboratorio_3/Battleship.sv Line: 55
Info (10041): Inferred latch for "matriz_disparos[2][0][0]" at Battleship.sv(55) File: C:/Users/nicva/nvalverdea_digital_design_lab_2024/laboratorio_3/Battleship.sv Line: 55
Info (10041): Inferred latch for "matriz_disparos[2][0][1]" at Battleship.sv(55) File: C:/Users/nicva/nvalverdea_digital_design_lab_2024/laboratorio_3/Battleship.sv Line: 55
Info (10041): Inferred latch for "matriz_disparos[2][1][0]" at Battleship.sv(55) File: C:/Users/nicva/nvalverdea_digital_design_lab_2024/laboratorio_3/Battleship.sv Line: 55
Info (10041): Inferred latch for "matriz_disparos[2][1][1]" at Battleship.sv(55) File: C:/Users/nicva/nvalverdea_digital_design_lab_2024/laboratorio_3/Battleship.sv Line: 55
Info (10041): Inferred latch for "matriz_disparos[2][2][0]" at Battleship.sv(55) File: C:/Users/nicva/nvalverdea_digital_design_lab_2024/laboratorio_3/Battleship.sv Line: 55
Info (10041): Inferred latch for "matriz_disparos[2][2][1]" at Battleship.sv(55) File: C:/Users/nicva/nvalverdea_digital_design_lab_2024/laboratorio_3/Battleship.sv Line: 55
Info (10041): Inferred latch for "matriz_disparos[2][3][0]" at Battleship.sv(55) File: C:/Users/nicva/nvalverdea_digital_design_lab_2024/laboratorio_3/Battleship.sv Line: 55
Info (10041): Inferred latch for "matriz_disparos[2][3][1]" at Battleship.sv(55) File: C:/Users/nicva/nvalverdea_digital_design_lab_2024/laboratorio_3/Battleship.sv Line: 55
Info (10041): Inferred latch for "matriz_disparos[2][4][0]" at Battleship.sv(55) File: C:/Users/nicva/nvalverdea_digital_design_lab_2024/laboratorio_3/Battleship.sv Line: 55
Info (10041): Inferred latch for "matriz_disparos[2][4][1]" at Battleship.sv(55) File: C:/Users/nicva/nvalverdea_digital_design_lab_2024/laboratorio_3/Battleship.sv Line: 55
Info (10041): Inferred latch for "matriz_disparos[3][0][0]" at Battleship.sv(55) File: C:/Users/nicva/nvalverdea_digital_design_lab_2024/laboratorio_3/Battleship.sv Line: 55
Info (10041): Inferred latch for "matriz_disparos[3][0][1]" at Battleship.sv(55) File: C:/Users/nicva/nvalverdea_digital_design_lab_2024/laboratorio_3/Battleship.sv Line: 55
Info (10041): Inferred latch for "matriz_disparos[3][1][0]" at Battleship.sv(55) File: C:/Users/nicva/nvalverdea_digital_design_lab_2024/laboratorio_3/Battleship.sv Line: 55
Info (10041): Inferred latch for "matriz_disparos[3][1][1]" at Battleship.sv(55) File: C:/Users/nicva/nvalverdea_digital_design_lab_2024/laboratorio_3/Battleship.sv Line: 55
Info (10041): Inferred latch for "matriz_disparos[3][2][0]" at Battleship.sv(55) File: C:/Users/nicva/nvalverdea_digital_design_lab_2024/laboratorio_3/Battleship.sv Line: 55
Info (10041): Inferred latch for "matriz_disparos[3][2][1]" at Battleship.sv(55) File: C:/Users/nicva/nvalverdea_digital_design_lab_2024/laboratorio_3/Battleship.sv Line: 55
Info (10041): Inferred latch for "matriz_disparos[3][3][0]" at Battleship.sv(55) File: C:/Users/nicva/nvalverdea_digital_design_lab_2024/laboratorio_3/Battleship.sv Line: 55
Info (10041): Inferred latch for "matriz_disparos[3][3][1]" at Battleship.sv(55) File: C:/Users/nicva/nvalverdea_digital_design_lab_2024/laboratorio_3/Battleship.sv Line: 55
Info (10041): Inferred latch for "matriz_disparos[3][4][0]" at Battleship.sv(55) File: C:/Users/nicva/nvalverdea_digital_design_lab_2024/laboratorio_3/Battleship.sv Line: 55
Info (10041): Inferred latch for "matriz_disparos[3][4][1]" at Battleship.sv(55) File: C:/Users/nicva/nvalverdea_digital_design_lab_2024/laboratorio_3/Battleship.sv Line: 55
Info (10041): Inferred latch for "matriz_disparos[4][0][0]" at Battleship.sv(55) File: C:/Users/nicva/nvalverdea_digital_design_lab_2024/laboratorio_3/Battleship.sv Line: 55
Info (10041): Inferred latch for "matriz_disparos[4][0][1]" at Battleship.sv(55) File: C:/Users/nicva/nvalverdea_digital_design_lab_2024/laboratorio_3/Battleship.sv Line: 55
Info (10041): Inferred latch for "matriz_disparos[4][1][0]" at Battleship.sv(55) File: C:/Users/nicva/nvalverdea_digital_design_lab_2024/laboratorio_3/Battleship.sv Line: 55
Info (10041): Inferred latch for "matriz_disparos[4][1][1]" at Battleship.sv(55) File: C:/Users/nicva/nvalverdea_digital_design_lab_2024/laboratorio_3/Battleship.sv Line: 55
Info (10041): Inferred latch for "matriz_disparos[4][2][0]" at Battleship.sv(55) File: C:/Users/nicva/nvalverdea_digital_design_lab_2024/laboratorio_3/Battleship.sv Line: 55
Info (10041): Inferred latch for "matriz_disparos[4][2][1]" at Battleship.sv(55) File: C:/Users/nicva/nvalverdea_digital_design_lab_2024/laboratorio_3/Battleship.sv Line: 55
Info (10041): Inferred latch for "matriz_disparos[4][3][0]" at Battleship.sv(55) File: C:/Users/nicva/nvalverdea_digital_design_lab_2024/laboratorio_3/Battleship.sv Line: 55
Info (10041): Inferred latch for "matriz_disparos[4][3][1]" at Battleship.sv(55) File: C:/Users/nicva/nvalverdea_digital_design_lab_2024/laboratorio_3/Battleship.sv Line: 55
Info (10041): Inferred latch for "matriz_disparos[4][4][0]" at Battleship.sv(55) File: C:/Users/nicva/nvalverdea_digital_design_lab_2024/laboratorio_3/Battleship.sv Line: 55
Info (10041): Inferred latch for "matriz_disparos[4][4][1]" at Battleship.sv(55) File: C:/Users/nicva/nvalverdea_digital_design_lab_2024/laboratorio_3/Battleship.sv Line: 55
Info (10008): Verilog HDL or VHDL information: EDA Netlist Writer cannot regroup multidimensional array "matriz_barcos" into its bus
Info (10008): Verilog HDL or VHDL information: EDA Netlist Writer cannot regroup multidimensional array "matriz_golpes" into its bus
Info (10008): Verilog HDL or VHDL information: EDA Netlist Writer cannot regroup multidimensional array "matriz_disparos" into its bus
Info (12128): Elaborating entity "segmentOutput" for hierarchy "segmentOutput:segment1" File: C:/Users/nicva/nvalverdea_digital_design_lab_2024/laboratorio_3/Battleship.sv Line: 26
Warning (10270): Verilog HDL Case Statement warning at segmentOutput.sv(10): incomplete case statement has no default case item File: C:/Users/nicva/nvalverdea_digital_design_lab_2024/laboratorio_3/segmentOutput.sv Line: 10
Warning (10240): Verilog HDL Always Construct warning at segmentOutput.sv(8): inferring latch(es) for variable "segments1", which holds its previous value in one or more paths through the always construct File: C:/Users/nicva/nvalverdea_digital_design_lab_2024/laboratorio_3/segmentOutput.sv Line: 8
Info (10041): Inferred latch for "segments1[0]" at segmentOutput.sv(8) File: C:/Users/nicva/nvalverdea_digital_design_lab_2024/laboratorio_3/segmentOutput.sv Line: 8
Info (10041): Inferred latch for "segments1[1]" at segmentOutput.sv(8) File: C:/Users/nicva/nvalverdea_digital_design_lab_2024/laboratorio_3/segmentOutput.sv Line: 8
Info (10041): Inferred latch for "segments1[2]" at segmentOutput.sv(8) File: C:/Users/nicva/nvalverdea_digital_design_lab_2024/laboratorio_3/segmentOutput.sv Line: 8
Info (10041): Inferred latch for "segments1[3]" at segmentOutput.sv(8) File: C:/Users/nicva/nvalverdea_digital_design_lab_2024/laboratorio_3/segmentOutput.sv Line: 8
Info (10041): Inferred latch for "segments1[4]" at segmentOutput.sv(8) File: C:/Users/nicva/nvalverdea_digital_design_lab_2024/laboratorio_3/segmentOutput.sv Line: 8
Info (10041): Inferred latch for "segments1[5]" at segmentOutput.sv(8) File: C:/Users/nicva/nvalverdea_digital_design_lab_2024/laboratorio_3/segmentOutput.sv Line: 8
Info (10041): Inferred latch for "segments1[6]" at segmentOutput.sv(8) File: C:/Users/nicva/nvalverdea_digital_design_lab_2024/laboratorio_3/segmentOutput.sv Line: 8
Info (12128): Elaborating entity "vga" for hierarchy "vga:vga_inst" File: C:/Users/nicva/nvalverdea_digital_design_lab_2024/laboratorio_3/Battleship.sv Line: 97
Info (10008): Verilog HDL or VHDL information: EDA Netlist Writer cannot regroup multidimensional array "matriz_barcos" into its bus
Info (10008): Verilog HDL or VHDL information: EDA Netlist Writer cannot regroup multidimensional array "matriz_golpes" into its bus
Info (10008): Verilog HDL or VHDL information: EDA Netlist Writer cannot regroup multidimensional array "matriz_disparos" into its bus
Info (10008): Verilog HDL or VHDL information: EDA Netlist Writer cannot regroup multidimensional array "matriz_barcos" into its bus
Info (10008): Verilog HDL or VHDL information: EDA Netlist Writer cannot regroup multidimensional array "matriz_golpes" into its bus
Info (10008): Verilog HDL or VHDL information: EDA Netlist Writer cannot regroup multidimensional array "matriz_disparos" into its bus
Info (12128): Elaborating entity "pll" for hierarchy "vga:vga_inst|pll:vgapll" File: C:/Users/nicva/nvalverdea_digital_design_lab_2024/laboratorio_3/vga.sv Line: 19
Info (12128): Elaborating entity "vgaController" for hierarchy "vga:vga_inst|vgaController:vgaCont" File: C:/Users/nicva/nvalverdea_digital_design_lab_2024/laboratorio_3/vga.sv Line: 21
Info (12128): Elaborating entity "videoGen" for hierarchy "vga:vga_inst|videoGen:videoGen_inst" File: C:/Users/nicva/nvalverdea_digital_design_lab_2024/laboratorio_3/vga.sv Line: 33
Warning (10230): Verilog HDL assignment warning at videoGen.sv(32): truncated value with size 32 to match size of target (4) File: C:/Users/nicva/nvalverdea_digital_design_lab_2024/laboratorio_3/videoGen.sv Line: 32
Warning (10230): Verilog HDL assignment warning at videoGen.sv(33): truncated value with size 32 to match size of target (4) File: C:/Users/nicva/nvalverdea_digital_design_lab_2024/laboratorio_3/videoGen.sv Line: 33
Warning (10059): Verilog HDL Case Statement warning at videoGen.sv(49): case item expression never matches the case expression because it contains an 'x' or 'z' value File: C:/Users/nicva/nvalverdea_digital_design_lab_2024/laboratorio_3/videoGen.sv Line: 49
Warning (10059): Verilog HDL Case Statement warning at videoGen.sv(50): case item expression never matches the case expression because it contains an 'x' or 'z' value File: C:/Users/nicva/nvalverdea_digital_design_lab_2024/laboratorio_3/videoGen.sv Line: 50
Info (10264): Verilog HDL Case Statement information at videoGen.sv(55): all case item expressions in this case statement are onehot File: C:/Users/nicva/nvalverdea_digital_design_lab_2024/laboratorio_3/videoGen.sv Line: 55
Info (10008): Verilog HDL or VHDL information: EDA Netlist Writer cannot regroup multidimensional array "matriz_barcos" into its bus
Info (10008): Verilog HDL or VHDL information: EDA Netlist Writer cannot regroup multidimensional array "matriz_golpes" into its bus
Info (10008): Verilog HDL or VHDL information: EDA Netlist Writer cannot regroup multidimensional array "matriz_disparos" into its bus
Info (10008): Verilog HDL or VHDL information: EDA Netlist Writer cannot regroup multidimensional array "matriz_barcos" into its bus
Info (10008): Verilog HDL or VHDL information: EDA Netlist Writer cannot regroup multidimensional array "matriz_golpes" into its bus
Info (10008): Verilog HDL or VHDL information: EDA Netlist Writer cannot regroup multidimensional array "matriz_disparos" into its bus
Warning (12241): 2 hierarchies have connectivity warnings - see the Connectivity Checks report folder
Info: Quartus Prime Analysis & Elaboration was successful. 0 errors, 25 warnings
    Info: Peak virtual memory: 4770 megabytes
    Info: Processing ended: Tue Apr 09 15:54:07 2024
    Info: Elapsed time: 00:00:07
    Info: Total CPU time (on all processors): 00:00:08


