Analysis & Elaboration report for alu_4bit
Wed Mar 06 08:02:10 2024
Quartus Prime Version 20.1.0 Build 711 06/05/2020 SJ Lite Edition


---------------------
; Table of Contents ;
---------------------
  1. Legal Notice
  2. Analysis & Elaboration Summary
  3. Parallel Compilation
  4. Analysis & Elaboration Settings
  5. Analysis & Elaboration Messages



----------------
; Legal Notice ;
----------------
Copyright (C) 2020  Intel Corporation. All rights reserved.
Your use of Intel Corporation's design tools, logic functions 
and other software and tools, and any partner logic 
functions, and any output files from any of the foregoing 
(including device programming or simulation files), and any 
associated documentation or information are expressly subject 
to the terms and conditions of the Intel Program License 
Subscription Agreement, the Intel Quartus Prime License Agreement,
the Intel FPGA IP License Agreement, or other applicable license
agreement, including, without limitation, that your use is for
the sole purpose of programming logic devices manufactured by
Intel and sold by Intel or its authorized distributors.  Please
refer to the applicable agreement for further details, at
https://fpgasoftware.intel.com/eula.



+-----------------------------------------------------------------------------+
; Analysis & Elaboration Summary                                              ;
+-------------------------------+---------------------------------------------+
; Analysis & Elaboration Status ; Successful - Wed Mar 06 08:02:10 2024       ;
; Quartus Prime Version         ; 20.1.0 Build 711 06/05/2020 SJ Lite Edition ;
; Revision Name                 ; alu_4bit                                    ;
; Top-level Entity Name         ; alu_4bit                                    ;
; Family                        ; Cyclone V                                   ;
; Logic utilization (in ALMs)   ; N/A until Partition Merge                   ;
; Total registers               ; N/A until Partition Merge                   ;
; Total pins                    ; N/A until Partition Merge                   ;
; Total virtual pins            ; N/A until Partition Merge                   ;
; Total block memory bits       ; N/A until Partition Merge                   ;
; Total PLLs                    ; N/A until Partition Merge                   ;
; Total DLLs                    ; N/A until Partition Merge                   ;
+-------------------------------+---------------------------------------------+


+------------------------------------------+
; Parallel Compilation                     ;
+----------------------------+-------------+
; Processors                 ; Number      ;
+----------------------------+-------------+
; Number detected on machine ; 12          ;
; Maximum allowed            ; 6           ;
;                            ;             ;
; Average used               ; 1.00        ;
; Maximum used               ; 1           ;
;                            ;             ;
; Usage by Processor         ; % Time Used ;
;     Processor 1            ; 100.0%      ;
+----------------------------+-------------+


+---------------------------------------------------------------------------------------------------------------------------+
; Analysis & Elaboration Settings                                                                                           ;
+---------------------------------------------------------------------------------+--------------------+--------------------+
; Option                                                                          ; Setting            ; Default Value      ;
+---------------------------------------------------------------------------------+--------------------+--------------------+
; Device                                                                          ; 5CSEMA5F31C6       ;                    ;
; Top-level entity name                                                           ; alu_4bit           ; alu_4bit           ;
; Family name                                                                     ; Cyclone V          ; Cyclone V          ;
; Use smart compilation                                                           ; Off                ; Off                ;
; Enable parallel Assembler and Timing Analyzer during compilation                ; On                 ; On                 ;
; Enable compact report table                                                     ; Off                ; Off                ;
; Restructure Multiplexers                                                        ; Auto               ; Auto               ;
; MLAB Add Timing Constraints For Mixed-Port Feed-Through Mode Setting Don't Care ; Off                ; Off                ;
; Create Debugging Nodes for IP Cores                                             ; Off                ; Off                ;
; Preserve fewer node names                                                       ; On                 ; On                 ;
; Intel FPGA IP Evaluation Mode                                                   ; Enable             ; Enable             ;
; Verilog Version                                                                 ; Verilog_2001       ; Verilog_2001       ;
; VHDL Version                                                                    ; VHDL_1993          ; VHDL_1993          ;
; State Machine Processing                                                        ; Auto               ; Auto               ;
; Safe State Machine                                                              ; Off                ; Off                ;
; Extract Verilog State Machines                                                  ; On                 ; On                 ;
; Extract VHDL State Machines                                                     ; On                 ; On                 ;
; Ignore Verilog initial constructs                                               ; Off                ; Off                ;
; Iteration limit for constant Verilog loops                                      ; 5000               ; 5000               ;
; Iteration limit for non-constant Verilog loops                                  ; 250                ; 250                ;
; Add Pass-Through Logic to Inferred RAMs                                         ; On                 ; On                 ;
; Infer RAMs from Raw Logic                                                       ; On                 ; On                 ;
; Parallel Synthesis                                                              ; On                 ; On                 ;
; DSP Block Balancing                                                             ; Auto               ; Auto               ;
; NOT Gate Push-Back                                                              ; On                 ; On                 ;
; Power-Up Don't Care                                                             ; On                 ; On                 ;
; Remove Redundant Logic Cells                                                    ; Off                ; Off                ;
; Remove Duplicate Registers                                                      ; On                 ; On                 ;
; Ignore CARRY Buffers                                                            ; Off                ; Off                ;
; Ignore CASCADE Buffers                                                          ; Off                ; Off                ;
; Ignore GLOBAL Buffers                                                           ; Off                ; Off                ;
; Ignore ROW GLOBAL Buffers                                                       ; Off                ; Off                ;
; Ignore LCELL Buffers                                                            ; Off                ; Off                ;
; Ignore SOFT Buffers                                                             ; On                 ; On                 ;
; Limit AHDL Integers to 32 Bits                                                  ; Off                ; Off                ;
; Optimization Technique                                                          ; Balanced           ; Balanced           ;
; Carry Chain Length                                                              ; 70                 ; 70                 ;
; Auto Carry Chains                                                               ; On                 ; On                 ;
; Auto Open-Drain Pins                                                            ; On                 ; On                 ;
; Perform WYSIWYG Primitive Resynthesis                                           ; Off                ; Off                ;
; Auto ROM Replacement                                                            ; On                 ; On                 ;
; Auto RAM Replacement                                                            ; On                 ; On                 ;
; Auto DSP Block Replacement                                                      ; On                 ; On                 ;
; Auto Shift Register Replacement                                                 ; Auto               ; Auto               ;
; Allow Shift Register Merging across Hierarchies                                 ; Auto               ; Auto               ;
; Auto Clock Enable Replacement                                                   ; On                 ; On                 ;
; Strict RAM Replacement                                                          ; Off                ; Off                ;
; Allow Synchronous Control Signals                                               ; On                 ; On                 ;
; Force Use of Synchronous Clear Signals                                          ; Off                ; Off                ;
; Auto Resource Sharing                                                           ; Off                ; Off                ;
; Allow Any RAM Size For Recognition                                              ; Off                ; Off                ;
; Allow Any ROM Size For Recognition                                              ; Off                ; Off                ;
; Allow Any Shift Register Size For Recognition                                   ; Off                ; Off                ;
; Use LogicLock Constraints during Resource Balancing                             ; On                 ; On                 ;
; Ignore translate_off and synthesis_off directives                               ; Off                ; Off                ;
; Timing-Driven Synthesis                                                         ; On                 ; On                 ;
; Report Parameter Settings                                                       ; On                 ; On                 ;
; Report Source Assignments                                                       ; On                 ; On                 ;
; Report Connectivity Checks                                                      ; On                 ; On                 ;
; Ignore Maximum Fan-Out Assignments                                              ; Off                ; Off                ;
; Synchronization Register Chain Length                                           ; 3                  ; 3                  ;
; Power Optimization During Synthesis                                             ; Normal compilation ; Normal compilation ;
; HDL message level                                                               ; Level2             ; Level2             ;
; Suppress Register Optimization Related Messages                                 ; Off                ; Off                ;
; Number of Removed Registers Reported in Synthesis Report                        ; 5000               ; 5000               ;
; Number of Swept Nodes Reported in Synthesis Report                              ; 5000               ; 5000               ;
; Number of Inverted Registers Reported in Synthesis Report                       ; 100                ; 100                ;
; Clock MUX Protection                                                            ; On                 ; On                 ;
; Auto Gated Clock Conversion                                                     ; Off                ; Off                ;
; Block Design Naming                                                             ; Auto               ; Auto               ;
; SDC constraint protection                                                       ; Off                ; Off                ;
; Synthesis Effort                                                                ; Auto               ; Auto               ;
; Shift Register Replacement - Allow Asynchronous Clear Signal                    ; On                 ; On                 ;
; Pre-Mapping Resynthesis Optimization                                            ; Off                ; Off                ;
; Analysis & Synthesis Message Level                                              ; Medium             ; Medium             ;
; Disable Register Merging Across Hierarchies                                     ; Auto               ; Auto               ;
; Resource Aware Inference For Block RAM                                          ; On                 ; On                 ;
; Automatic Parallel Synthesis                                                    ; On                 ; On                 ;
; Partial Reconfiguration Bitstream ID                                            ; Off                ; Off                ;
+---------------------------------------------------------------------------------+--------------------+--------------------+


+---------------------------------+
; Analysis & Elaboration Messages ;
+---------------------------------+
Info: *******************************************************************
Info: Running Quartus Prime Analysis & Elaboration
    Info: Version 20.1.0 Build 711 06/05/2020 SJ Lite Edition
    Info: Processing started: Wed Mar 06 08:02:04 2024
Info: Command: quartus_map --read_settings_files=on --write_settings_files=off alu_4bit -c alu_4bit --analysis_and_elaboration
Warning (18236): Number of processors has not been specified which may cause overloading on shared machines.  Set the global assignment NUM_PARALLEL_PROCESSORS in your QSF to an appropriate value for best performance.
Info (20030): Parallel compilation is enabled and will use 6 of the 6 processors detected
Info (12021): Found 1 design units, including 1 entities, in source file adder_4bit.sv
    Info (12023): Found entity 1: adder_4bit File: C:/Users/nicva/PycharmProjects/nvalverdea_digital_design_lab_20242222/laboratorio2/Problema2/4bits/adder_4bit.sv Line: 1
Info (12021): Found 1 design units, including 1 entities, in source file subtractor_4bit.sv
    Info (12023): Found entity 1: subtractor_4bit File: C:/Users/nicva/PycharmProjects/nvalverdea_digital_design_lab_20242222/laboratorio2/Problema2/4bits/subtractor_4bit.sv Line: 1
Info (12021): Found 1 design units, including 1 entities, in source file alu_4bit.sv
    Info (12023): Found entity 1: alu_4bit File: C:/Users/nicva/PycharmProjects/nvalverdea_digital_design_lab_20242222/laboratorio2/Problema2/4bits/alu_4bit.sv Line: 1
Info (12021): Found 1 design units, including 1 entities, in source file alu_4bit_tb.sv
    Info (12023): Found entity 1: alu_4bit_tb File: C:/Users/nicva/PycharmProjects/nvalverdea_digital_design_lab_20242222/laboratorio2/Problema2/4bits/alu_4bit_tb.sv Line: 1
Info (12021): Found 1 design units, including 1 entities, in source file multiplier_4bit.sv
    Info (12023): Found entity 1: multiplier_4bit File: C:/Users/nicva/PycharmProjects/nvalverdea_digital_design_lab_20242222/laboratorio2/Problema2/4bits/multiplier_4bit.sv Line: 1
Warning (12019): Can't analyze file -- file BinaryToDecimal.sv is missing
Info (12021): Found 1 design units, including 1 entities, in source file digitextractor.sv
    Info (12023): Found entity 1: DigitExtractor File: C:/Users/nicva/PycharmProjects/nvalverdea_digital_design_lab_20242222/laboratorio2/Problema2/4bits/DigitExtractor.sv Line: 1
Info (12021): Found 1 design units, including 1 entities, in source file segmentoutput.sv
    Info (12023): Found entity 1: segmentOutput File: C:/Users/nicva/PycharmProjects/nvalverdea_digital_design_lab_20242222/laboratorio2/Problema2/4bits/segmentOutput.sv Line: 1
Info (12021): Found 1 design units, including 1 entities, in source file and_4bit.sv
    Info (12023): Found entity 1: and_4bit File: C:/Users/nicva/PycharmProjects/nvalverdea_digital_design_lab_20242222/laboratorio2/Problema2/4bits/and_4bit.sv Line: 1
Info (12021): Found 1 design units, including 1 entities, in source file divider_4bit.sv
    Info (12023): Found entity 1: divider_4bit File: C:/Users/nicva/PycharmProjects/nvalverdea_digital_design_lab_20242222/laboratorio2/Problema2/4bits/divider_4bit.sv Line: 1
Info (12021): Found 1 design units, including 1 entities, in source file or_4bit.sv
    Info (12023): Found entity 1: or_4bit File: C:/Users/nicva/PycharmProjects/nvalverdea_digital_design_lab_20242222/laboratorio2/Problema2/4bits/or_4bit.sv Line: 1
Info (12021): Found 1 design units, including 1 entities, in source file shiftleft_4bit.sv
    Info (12023): Found entity 1: shiftLeft_4bit File: C:/Users/nicva/PycharmProjects/nvalverdea_digital_design_lab_20242222/laboratorio2/Problema2/4bits/shiftLeft_4bit.sv Line: 1
Info (12021): Found 1 design units, including 1 entities, in source file shiftright_4bit.sv
    Info (12023): Found entity 1: shiftRight_4bit File: C:/Users/nicva/PycharmProjects/nvalverdea_digital_design_lab_20242222/laboratorio2/Problema2/4bits/shiftRight_4bit.sv Line: 1
Info (12021): Found 1 design units, including 1 entities, in source file xor_4bit.sv
    Info (12023): Found entity 1: xor_4bit File: C:/Users/nicva/PycharmProjects/nvalverdea_digital_design_lab_20242222/laboratorio2/Problema2/4bits/xor_4bit.sv Line: 1
Info (12127): Elaborating entity "alu_4bit" for the top level hierarchy
Warning (10235): Verilog HDL Always Construct warning at alu_4bit.sv(34): variable "op" is read inside the Always Construct but isn't in the Always Construct's Event Control File: C:/Users/nicva/PycharmProjects/nvalverdea_digital_design_lab_20242222/laboratorio2/Problema2/4bits/alu_4bit.sv Line: 34
Warning (10235): Verilog HDL Always Construct warning at alu_4bit.sv(36): variable "add_result" is read inside the Always Construct but isn't in the Always Construct's Event Control File: C:/Users/nicva/PycharmProjects/nvalverdea_digital_design_lab_20242222/laboratorio2/Problema2/4bits/alu_4bit.sv Line: 36
Warning (10235): Verilog HDL Always Construct warning at alu_4bit.sv(38): variable "add_ZFlag" is read inside the Always Construct but isn't in the Always Construct's Event Control File: C:/Users/nicva/PycharmProjects/nvalverdea_digital_design_lab_20242222/laboratorio2/Problema2/4bits/alu_4bit.sv Line: 38
Warning (10235): Verilog HDL Always Construct warning at alu_4bit.sv(39): variable "add_CFlag" is read inside the Always Construct but isn't in the Always Construct's Event Control File: C:/Users/nicva/PycharmProjects/nvalverdea_digital_design_lab_20242222/laboratorio2/Problema2/4bits/alu_4bit.sv Line: 39
Warning (10235): Verilog HDL Always Construct warning at alu_4bit.sv(40): variable "add_VFlag" is read inside the Always Construct but isn't in the Always Construct's Event Control File: C:/Users/nicva/PycharmProjects/nvalverdea_digital_design_lab_20242222/laboratorio2/Problema2/4bits/alu_4bit.sv Line: 40
Warning (10235): Verilog HDL Always Construct warning at alu_4bit.sv(43): variable "sub_result" is read inside the Always Construct but isn't in the Always Construct's Event Control File: C:/Users/nicva/PycharmProjects/nvalverdea_digital_design_lab_20242222/laboratorio2/Problema2/4bits/alu_4bit.sv Line: 43
Warning (10235): Verilog HDL Always Construct warning at alu_4bit.sv(44): variable "sub_NFlag" is read inside the Always Construct but isn't in the Always Construct's Event Control File: C:/Users/nicva/PycharmProjects/nvalverdea_digital_design_lab_20242222/laboratorio2/Problema2/4bits/alu_4bit.sv Line: 44
Warning (10235): Verilog HDL Always Construct warning at alu_4bit.sv(45): variable "sub_ZFlag" is read inside the Always Construct but isn't in the Always Construct's Event Control File: C:/Users/nicva/PycharmProjects/nvalverdea_digital_design_lab_20242222/laboratorio2/Problema2/4bits/alu_4bit.sv Line: 45
Warning (10235): Verilog HDL Always Construct warning at alu_4bit.sv(46): variable "sub_CFlag" is read inside the Always Construct but isn't in the Always Construct's Event Control File: C:/Users/nicva/PycharmProjects/nvalverdea_digital_design_lab_20242222/laboratorio2/Problema2/4bits/alu_4bit.sv Line: 46
Warning (10235): Verilog HDL Always Construct warning at alu_4bit.sv(47): variable "sub_VFlag" is read inside the Always Construct but isn't in the Always Construct's Event Control File: C:/Users/nicva/PycharmProjects/nvalverdea_digital_design_lab_20242222/laboratorio2/Problema2/4bits/alu_4bit.sv Line: 47
Warning (10235): Verilog HDL Always Construct warning at alu_4bit.sv(50): variable "mul_result" is read inside the Always Construct but isn't in the Always Construct's Event Control File: C:/Users/nicva/PycharmProjects/nvalverdea_digital_design_lab_20242222/laboratorio2/Problema2/4bits/alu_4bit.sv Line: 50
Warning (10235): Verilog HDL Always Construct warning at alu_4bit.sv(52): variable "mul_ZFlag" is read inside the Always Construct but isn't in the Always Construct's Event Control File: C:/Users/nicva/PycharmProjects/nvalverdea_digital_design_lab_20242222/laboratorio2/Problema2/4bits/alu_4bit.sv Line: 52
Warning (10235): Verilog HDL Always Construct warning at alu_4bit.sv(54): variable "mul_VFlag" is read inside the Always Construct but isn't in the Always Construct's Event Control File: C:/Users/nicva/PycharmProjects/nvalverdea_digital_design_lab_20242222/laboratorio2/Problema2/4bits/alu_4bit.sv Line: 54
Warning (10235): Verilog HDL Always Construct warning at alu_4bit.sv(57): variable "div_result" is read inside the Always Construct but isn't in the Always Construct's Event Control File: C:/Users/nicva/PycharmProjects/nvalverdea_digital_design_lab_20242222/laboratorio2/Problema2/4bits/alu_4bit.sv Line: 57
Warning (10235): Verilog HDL Always Construct warning at alu_4bit.sv(59): variable "div_ZFlag" is read inside the Always Construct but isn't in the Always Construct's Event Control File: C:/Users/nicva/PycharmProjects/nvalverdea_digital_design_lab_20242222/laboratorio2/Problema2/4bits/alu_4bit.sv Line: 59
Warning (10235): Verilog HDL Always Construct warning at alu_4bit.sv(61): variable "div_VFlag" is read inside the Always Construct but isn't in the Always Construct's Event Control File: C:/Users/nicva/PycharmProjects/nvalverdea_digital_design_lab_20242222/laboratorio2/Problema2/4bits/alu_4bit.sv Line: 61
Warning (10235): Verilog HDL Always Construct warning at alu_4bit.sv(64): variable "and_result" is read inside the Always Construct but isn't in the Always Construct's Event Control File: C:/Users/nicva/PycharmProjects/nvalverdea_digital_design_lab_20242222/laboratorio2/Problema2/4bits/alu_4bit.sv Line: 64
Warning (10235): Verilog HDL Always Construct warning at alu_4bit.sv(66): variable "and_ZFlag" is read inside the Always Construct but isn't in the Always Construct's Event Control File: C:/Users/nicva/PycharmProjects/nvalverdea_digital_design_lab_20242222/laboratorio2/Problema2/4bits/alu_4bit.sv Line: 66
Warning (10235): Verilog HDL Always Construct warning at alu_4bit.sv(71): variable "or_result" is read inside the Always Construct but isn't in the Always Construct's Event Control File: C:/Users/nicva/PycharmProjects/nvalverdea_digital_design_lab_20242222/laboratorio2/Problema2/4bits/alu_4bit.sv Line: 71
Warning (10235): Verilog HDL Always Construct warning at alu_4bit.sv(73): variable "or_ZFlag" is read inside the Always Construct but isn't in the Always Construct's Event Control File: C:/Users/nicva/PycharmProjects/nvalverdea_digital_design_lab_20242222/laboratorio2/Problema2/4bits/alu_4bit.sv Line: 73
Warning (10235): Verilog HDL Always Construct warning at alu_4bit.sv(78): variable "xor_result" is read inside the Always Construct but isn't in the Always Construct's Event Control File: C:/Users/nicva/PycharmProjects/nvalverdea_digital_design_lab_20242222/laboratorio2/Problema2/4bits/alu_4bit.sv Line: 78
Warning (10235): Verilog HDL Always Construct warning at alu_4bit.sv(80): variable "xor_ZFlag" is read inside the Always Construct but isn't in the Always Construct's Event Control File: C:/Users/nicva/PycharmProjects/nvalverdea_digital_design_lab_20242222/laboratorio2/Problema2/4bits/alu_4bit.sv Line: 80
Warning (10235): Verilog HDL Always Construct warning at alu_4bit.sv(85): variable "left_result" is read inside the Always Construct but isn't in the Always Construct's Event Control File: C:/Users/nicva/PycharmProjects/nvalverdea_digital_design_lab_20242222/laboratorio2/Problema2/4bits/alu_4bit.sv Line: 85
Warning (10235): Verilog HDL Always Construct warning at alu_4bit.sv(87): variable "left_ZFlag" is read inside the Always Construct but isn't in the Always Construct's Event Control File: C:/Users/nicva/PycharmProjects/nvalverdea_digital_design_lab_20242222/laboratorio2/Problema2/4bits/alu_4bit.sv Line: 87
Warning (10235): Verilog HDL Always Construct warning at alu_4bit.sv(88): variable "left_CFlag" is read inside the Always Construct but isn't in the Always Construct's Event Control File: C:/Users/nicva/PycharmProjects/nvalverdea_digital_design_lab_20242222/laboratorio2/Problema2/4bits/alu_4bit.sv Line: 88
Warning (10235): Verilog HDL Always Construct warning at alu_4bit.sv(92): variable "right_result" is read inside the Always Construct but isn't in the Always Construct's Event Control File: C:/Users/nicva/PycharmProjects/nvalverdea_digital_design_lab_20242222/laboratorio2/Problema2/4bits/alu_4bit.sv Line: 92
Warning (10235): Verilog HDL Always Construct warning at alu_4bit.sv(94): variable "right_ZFlag" is read inside the Always Construct but isn't in the Always Construct's Event Control File: C:/Users/nicva/PycharmProjects/nvalverdea_digital_design_lab_20242222/laboratorio2/Problema2/4bits/alu_4bit.sv Line: 94
Warning (10235): Verilog HDL Always Construct warning at alu_4bit.sv(95): variable "right_CFlag" is read inside the Always Construct but isn't in the Always Construct's Event Control File: C:/Users/nicva/PycharmProjects/nvalverdea_digital_design_lab_20242222/laboratorio2/Problema2/4bits/alu_4bit.sv Line: 95
Warning (10235): Verilog HDL Always Construct warning at alu_4bit.sv(108): variable "result" is read inside the Always Construct but isn't in the Always Construct's Event Control File: C:/Users/nicva/PycharmProjects/nvalverdea_digital_design_lab_20242222/laboratorio2/Problema2/4bits/alu_4bit.sv Line: 108
Warning (10235): Verilog HDL Always Construct warning at alu_4bit.sv(109): variable "NFlag" is read inside the Always Construct but isn't in the Always Construct's Event Control File: C:/Users/nicva/PycharmProjects/nvalverdea_digital_design_lab_20242222/laboratorio2/Problema2/4bits/alu_4bit.sv Line: 109
Warning (10235): Verilog HDL Always Construct warning at alu_4bit.sv(110): variable "ZFlag" is read inside the Always Construct but isn't in the Always Construct's Event Control File: C:/Users/nicva/PycharmProjects/nvalverdea_digital_design_lab_20242222/laboratorio2/Problema2/4bits/alu_4bit.sv Line: 110
Warning (10235): Verilog HDL Always Construct warning at alu_4bit.sv(111): variable "CFlag" is read inside the Always Construct but isn't in the Always Construct's Event Control File: C:/Users/nicva/PycharmProjects/nvalverdea_digital_design_lab_20242222/laboratorio2/Problema2/4bits/alu_4bit.sv Line: 111
Warning (10235): Verilog HDL Always Construct warning at alu_4bit.sv(112): variable "VFlag" is read inside the Always Construct but isn't in the Always Construct's Event Control File: C:/Users/nicva/PycharmProjects/nvalverdea_digital_design_lab_20242222/laboratorio2/Problema2/4bits/alu_4bit.sv Line: 112
Warning (10240): Verilog HDL Always Construct warning at alu_4bit.sv(32): inferring latch(es) for variable "result", which holds its previous value in one or more paths through the always construct File: C:/Users/nicva/PycharmProjects/nvalverdea_digital_design_lab_20242222/laboratorio2/Problema2/4bits/alu_4bit.sv Line: 32
Warning (10240): Verilog HDL Always Construct warning at alu_4bit.sv(32): inferring latch(es) for variable "NFlag", which holds its previous value in one or more paths through the always construct File: C:/Users/nicva/PycharmProjects/nvalverdea_digital_design_lab_20242222/laboratorio2/Problema2/4bits/alu_4bit.sv Line: 32
Warning (10240): Verilog HDL Always Construct warning at alu_4bit.sv(32): inferring latch(es) for variable "ZFlag", which holds its previous value in one or more paths through the always construct File: C:/Users/nicva/PycharmProjects/nvalverdea_digital_design_lab_20242222/laboratorio2/Problema2/4bits/alu_4bit.sv Line: 32
Warning (10240): Verilog HDL Always Construct warning at alu_4bit.sv(32): inferring latch(es) for variable "CFlag", which holds its previous value in one or more paths through the always construct File: C:/Users/nicva/PycharmProjects/nvalverdea_digital_design_lab_20242222/laboratorio2/Problema2/4bits/alu_4bit.sv Line: 32
Warning (10240): Verilog HDL Always Construct warning at alu_4bit.sv(32): inferring latch(es) for variable "VFlag", which holds its previous value in one or more paths through the always construct File: C:/Users/nicva/PycharmProjects/nvalverdea_digital_design_lab_20242222/laboratorio2/Problema2/4bits/alu_4bit.sv Line: 32
Info (10041): Inferred latch for "VFlag" at alu_4bit.sv(108) File: C:/Users/nicva/PycharmProjects/nvalverdea_digital_design_lab_20242222/laboratorio2/Problema2/4bits/alu_4bit.sv Line: 108
Info (10041): Inferred latch for "CFlag" at alu_4bit.sv(108) File: C:/Users/nicva/PycharmProjects/nvalverdea_digital_design_lab_20242222/laboratorio2/Problema2/4bits/alu_4bit.sv Line: 108
Info (10041): Inferred latch for "ZFlag" at alu_4bit.sv(108) File: C:/Users/nicva/PycharmProjects/nvalverdea_digital_design_lab_20242222/laboratorio2/Problema2/4bits/alu_4bit.sv Line: 108
Info (10041): Inferred latch for "NFlag" at alu_4bit.sv(108) File: C:/Users/nicva/PycharmProjects/nvalverdea_digital_design_lab_20242222/laboratorio2/Problema2/4bits/alu_4bit.sv Line: 108
Info (10041): Inferred latch for "result[0]" at alu_4bit.sv(108) File: C:/Users/nicva/PycharmProjects/nvalverdea_digital_design_lab_20242222/laboratorio2/Problema2/4bits/alu_4bit.sv Line: 108
Info (10041): Inferred latch for "result[1]" at alu_4bit.sv(108) File: C:/Users/nicva/PycharmProjects/nvalverdea_digital_design_lab_20242222/laboratorio2/Problema2/4bits/alu_4bit.sv Line: 108
Info (10041): Inferred latch for "result[2]" at alu_4bit.sv(108) File: C:/Users/nicva/PycharmProjects/nvalverdea_digital_design_lab_20242222/laboratorio2/Problema2/4bits/alu_4bit.sv Line: 108
Info (10041): Inferred latch for "result[3]" at alu_4bit.sv(108) File: C:/Users/nicva/PycharmProjects/nvalverdea_digital_design_lab_20242222/laboratorio2/Problema2/4bits/alu_4bit.sv Line: 108
Info (12128): Elaborating entity "adder_4bit" for hierarchy "adder_4bit:adder" File: C:/Users/nicva/PycharmProjects/nvalverdea_digital_design_lab_20242222/laboratorio2/Problema2/4bits/alu_4bit.sv Line: 21
Info (12128): Elaborating entity "subtractor_4bit" for hierarchy "subtractor_4bit:subtractor" File: C:/Users/nicva/PycharmProjects/nvalverdea_digital_design_lab_20242222/laboratorio2/Problema2/4bits/alu_4bit.sv Line: 22
Info (12128): Elaborating entity "multiplier_4bit" for hierarchy "multiplier_4bit:multiplier" File: C:/Users/nicva/PycharmProjects/nvalverdea_digital_design_lab_20242222/laboratorio2/Problema2/4bits/alu_4bit.sv Line: 23
Info (12128): Elaborating entity "divider_4bit" for hierarchy "divider_4bit:divider" File: C:/Users/nicva/PycharmProjects/nvalverdea_digital_design_lab_20242222/laboratorio2/Problema2/4bits/alu_4bit.sv Line: 24
Info (12128): Elaborating entity "and_4bit" for hierarchy "and_4bit:andd" File: C:/Users/nicva/PycharmProjects/nvalverdea_digital_design_lab_20242222/laboratorio2/Problema2/4bits/alu_4bit.sv Line: 25
Info (12128): Elaborating entity "or_4bit" for hierarchy "or_4bit:orr" File: C:/Users/nicva/PycharmProjects/nvalverdea_digital_design_lab_20242222/laboratorio2/Problema2/4bits/alu_4bit.sv Line: 26
Info (12128): Elaborating entity "xor_4bit" for hierarchy "xor_4bit:xorr" File: C:/Users/nicva/PycharmProjects/nvalverdea_digital_design_lab_20242222/laboratorio2/Problema2/4bits/alu_4bit.sv Line: 27
Info (12128): Elaborating entity "shiftLeft_4bit" for hierarchy "shiftLeft_4bit:left" File: C:/Users/nicva/PycharmProjects/nvalverdea_digital_design_lab_20242222/laboratorio2/Problema2/4bits/alu_4bit.sv Line: 28
Info (12128): Elaborating entity "shiftRight_4bit" for hierarchy "shiftRight_4bit:right" File: C:/Users/nicva/PycharmProjects/nvalverdea_digital_design_lab_20242222/laboratorio2/Problema2/4bits/alu_4bit.sv Line: 29
Info: Quartus Prime Analysis & Elaboration was successful. 0 errors, 40 warnings
    Info: Peak virtual memory: 4767 megabytes
    Info: Processing ended: Wed Mar 06 08:02:10 2024
    Info: Elapsed time: 00:00:06
    Info: Total CPU time (on all processors): 00:00:07


