Analysis & Synthesis report for alu_4bit
Fri Mar 01 09:54:16 2024
Quartus Prime Version 20.1.0 Build 711 06/05/2020 SJ Lite Edition


---------------------
; Table of Contents ;
---------------------
  1. Legal Notice
  2. Analysis & Synthesis Summary
  3. Analysis & Synthesis Settings
  4. Parallel Compilation
  5. Analysis & Synthesis Source Files Read
  6. Analysis & Synthesis Resource Usage Summary
  7. Analysis & Synthesis Resource Utilization by Entity
  8. General Register Statistics
  9. Port Connectivity Checks: "segmentOutput:segment1"
 10. Port Connectivity Checks: "DigitExtractor:extractor"
 11. Port Connectivity Checks: "subtractor_4bit:subtractor"
 12. Port Connectivity Checks: "adder_4bit:adder"
 13. Post-Synthesis Netlist Statistics for Top Partition
 14. Elapsed Time Per Partition
 15. Analysis & Synthesis Messages



----------------
; Legal Notice ;
----------------
Copyright (C) 2020  Intel Corporation. All rights reserved.
Your use of Intel Corporation's design tools, logic functions 
and other software and tools, and any partner logic 
functions, and any output files from any of the foregoing 
(including device programming or simulation files), and any 
associated documentation or information are expressly subject 
to the terms and conditions of the Intel Program License 
Subscription Agreement, the Intel Quartus Prime License Agreement,
the Intel FPGA IP License Agreement, or other applicable license
agreement, including, without limitation, that your use is for
the sole purpose of programming logic devices manufactured by
Intel and sold by Intel or its authorized distributors.  Please
refer to the applicable agreement for further details, at
https://fpgasoftware.intel.com/eula.



+-------------------------------------------------------------------------------+
; Analysis & Synthesis Summary                                                  ;
+---------------------------------+---------------------------------------------+
; Analysis & Synthesis Status     ; Successful - Fri Mar 01 09:54:16 2024       ;
; Quartus Prime Version           ; 20.1.0 Build 711 06/05/2020 SJ Lite Edition ;
; Revision Name                   ; alu_4bit                                    ;
; Top-level Entity Name           ; alu_4bit                                    ;
; Family                          ; Cyclone V                                   ;
; Logic utilization (in ALMs)     ; N/A                                         ;
; Total registers                 ; 0                                           ;
; Total pins                      ; 14                                          ;
; Total virtual pins              ; 0                                           ;
; Total block memory bits         ; 0                                           ;
; Total DSP Blocks                ; 0                                           ;
; Total HSSI RX PCSs              ; 0                                           ;
; Total HSSI PMA RX Deserializers ; 0                                           ;
; Total HSSI TX PCSs              ; 0                                           ;
; Total HSSI PMA TX Serializers   ; 0                                           ;
; Total PLLs                      ; 0                                           ;
; Total DLLs                      ; 0                                           ;
+---------------------------------+---------------------------------------------+


+---------------------------------------------------------------------------------------------------------------------------+
; Analysis & Synthesis Settings                                                                                             ;
+---------------------------------------------------------------------------------+--------------------+--------------------+
; Option                                                                          ; Setting            ; Default Value      ;
+---------------------------------------------------------------------------------+--------------------+--------------------+
; Device                                                                          ; 5CSEMA5F31C6       ;                    ;
; Top-level entity name                                                           ; alu_4bit           ; alu_4bit           ;
; Family name                                                                     ; Cyclone V          ; Cyclone V          ;
; Use smart compilation                                                           ; Off                ; Off                ;
; Enable parallel Assembler and Timing Analyzer during compilation                ; On                 ; On                 ;
; Enable compact report table                                                     ; Off                ; Off                ;
; Restructure Multiplexers                                                        ; Auto               ; Auto               ;
; MLAB Add Timing Constraints For Mixed-Port Feed-Through Mode Setting Don't Care ; Off                ; Off                ;
; Create Debugging Nodes for IP Cores                                             ; Off                ; Off                ;
; Preserve fewer node names                                                       ; On                 ; On                 ;
; Intel FPGA IP Evaluation Mode                                                   ; Enable             ; Enable             ;
; Verilog Version                                                                 ; Verilog_2001       ; Verilog_2001       ;
; VHDL Version                                                                    ; VHDL_1993          ; VHDL_1993          ;
; State Machine Processing                                                        ; Auto               ; Auto               ;
; Safe State Machine                                                              ; Off                ; Off                ;
; Extract Verilog State Machines                                                  ; On                 ; On                 ;
; Extract VHDL State Machines                                                     ; On                 ; On                 ;
; Ignore Verilog initial constructs                                               ; Off                ; Off                ;
; Iteration limit for constant Verilog loops                                      ; 5000               ; 5000               ;
; Iteration limit for non-constant Verilog loops                                  ; 250                ; 250                ;
; Add Pass-Through Logic to Inferred RAMs                                         ; On                 ; On                 ;
; Infer RAMs from Raw Logic                                                       ; On                 ; On                 ;
; Parallel Synthesis                                                              ; On                 ; On                 ;
; DSP Block Balancing                                                             ; Auto               ; Auto               ;
; NOT Gate Push-Back                                                              ; On                 ; On                 ;
; Power-Up Don't Care                                                             ; On                 ; On                 ;
; Remove Redundant Logic Cells                                                    ; Off                ; Off                ;
; Remove Duplicate Registers                                                      ; On                 ; On                 ;
; Ignore CARRY Buffers                                                            ; Off                ; Off                ;
; Ignore CASCADE Buffers                                                          ; Off                ; Off                ;
; Ignore GLOBAL Buffers                                                           ; Off                ; Off                ;
; Ignore ROW GLOBAL Buffers                                                       ; Off                ; Off                ;
; Ignore LCELL Buffers                                                            ; Off                ; Off                ;
; Ignore SOFT Buffers                                                             ; On                 ; On                 ;
; Limit AHDL Integers to 32 Bits                                                  ; Off                ; Off                ;
; Optimization Technique                                                          ; Balanced           ; Balanced           ;
; Carry Chain Length                                                              ; 70                 ; 70                 ;
; Auto Carry Chains                                                               ; On                 ; On                 ;
; Auto Open-Drain Pins                                                            ; On                 ; On                 ;
; Perform WYSIWYG Primitive Resynthesis                                           ; Off                ; Off                ;
; Auto ROM Replacement                                                            ; On                 ; On                 ;
; Auto RAM Replacement                                                            ; On                 ; On                 ;
; Auto DSP Block Replacement                                                      ; On                 ; On                 ;
; Auto Shift Register Replacement                                                 ; Auto               ; Auto               ;
; Allow Shift Register Merging across Hierarchies                                 ; Auto               ; Auto               ;
; Auto Clock Enable Replacement                                                   ; On                 ; On                 ;
; Strict RAM Replacement                                                          ; Off                ; Off                ;
; Allow Synchronous Control Signals                                               ; On                 ; On                 ;
; Force Use of Synchronous Clear Signals                                          ; Off                ; Off                ;
; Auto Resource Sharing                                                           ; Off                ; Off                ;
; Allow Any RAM Size For Recognition                                              ; Off                ; Off                ;
; Allow Any ROM Size For Recognition                                              ; Off                ; Off                ;
; Allow Any Shift Register Size For Recognition                                   ; Off                ; Off                ;
; Use LogicLock Constraints during Resource Balancing                             ; On                 ; On                 ;
; Ignore translate_off and synthesis_off directives                               ; Off                ; Off                ;
; Timing-Driven Synthesis                                                         ; On                 ; On                 ;
; Report Parameter Settings                                                       ; On                 ; On                 ;
; Report Source Assignments                                                       ; On                 ; On                 ;
; Report Connectivity Checks                                                      ; On                 ; On                 ;
; Ignore Maximum Fan-Out Assignments                                              ; Off                ; Off                ;
; Synchronization Register Chain Length                                           ; 3                  ; 3                  ;
; Power Optimization During Synthesis                                             ; Normal compilation ; Normal compilation ;
; HDL message level                                                               ; Level2             ; Level2             ;
; Suppress Register Optimization Related Messages                                 ; Off                ; Off                ;
; Number of Removed Registers Reported in Synthesis Report                        ; 5000               ; 5000               ;
; Number of Swept Nodes Reported in Synthesis Report                              ; 5000               ; 5000               ;
; Number of Inverted Registers Reported in Synthesis Report                       ; 100                ; 100                ;
; Clock MUX Protection                                                            ; On                 ; On                 ;
; Auto Gated Clock Conversion                                                     ; Off                ; Off                ;
; Block Design Naming                                                             ; Auto               ; Auto               ;
; SDC constraint protection                                                       ; Off                ; Off                ;
; Synthesis Effort                                                                ; Auto               ; Auto               ;
; Shift Register Replacement - Allow Asynchronous Clear Signal                    ; On                 ; On                 ;
; Pre-Mapping Resynthesis Optimization                                            ; Off                ; Off                ;
; Analysis & Synthesis Message Level                                              ; Medium             ; Medium             ;
; Disable Register Merging Across Hierarchies                                     ; Auto               ; Auto               ;
; Resource Aware Inference For Block RAM                                          ; On                 ; On                 ;
; Automatic Parallel Synthesis                                                    ; On                 ; On                 ;
; Partial Reconfiguration Bitstream ID                                            ; Off                ; Off                ;
+---------------------------------------------------------------------------------+--------------------+--------------------+


+------------------------------------------+
; Parallel Compilation                     ;
+----------------------------+-------------+
; Processors                 ; Number      ;
+----------------------------+-------------+
; Number detected on machine ; 12          ;
; Maximum allowed            ; 6           ;
;                            ;             ;
; Average used               ; 1.00        ;
; Maximum used               ; 1           ;
;                            ;             ;
; Usage by Processor         ; % Time Used ;
;     Processor 1            ; 100.0%      ;
+----------------------------+-------------+


+-----------------------------------------------------------------------------------------------------------------------------------------------------------+
; Analysis & Synthesis Source Files Read                                                                                                                    ;
+----------------------------------+-----------------+------------------------------+-------------------------------------------------------------+---------+
; File Name with User-Entered Path ; Used in Netlist ; File Type                    ; File Name with Absolute Path                                ; Library ;
+----------------------------------+-----------------+------------------------------+-------------------------------------------------------------+---------+
; adder_4bit.sv                    ; yes             ; User SystemVerilog HDL File  ; C:/Users/nicva/PycharmProjects/Problema1/adder_4bit.sv      ;         ;
; subtractor_4bit.sv               ; yes             ; User SystemVerilog HDL File  ; C:/Users/nicva/PycharmProjects/Problema1/subtractor_4bit.sv ;         ;
; alu_4bit.sv                      ; yes             ; User SystemVerilog HDL File  ; C:/Users/nicva/PycharmProjects/Problema1/alu_4bit.sv        ;         ;
; multiplier_4bit.sv               ; yes             ; User SystemVerilog HDL File  ; C:/Users/nicva/PycharmProjects/Problema1/multiplier_4bit.sv ;         ;
; DigitExtractor.sv                ; yes             ; User SystemVerilog HDL File  ; C:/Users/nicva/PycharmProjects/Problema1/DigitExtractor.sv  ;         ;
; segmentOutput.sv                 ; yes             ; User SystemVerilog HDL File  ; C:/Users/nicva/PycharmProjects/Problema1/segmentOutput.sv   ;         ;
+----------------------------------+-----------------+------------------------------+-------------------------------------------------------------+---------+


+----------------------------------------------------------------------------------+
; Analysis & Synthesis Resource Usage Summary                                      ;
+---------------------------------------------+------------------------------------+
; Resource                                    ; Usage                              ;
+---------------------------------------------+------------------------------------+
; Estimate of Logic utilization (ALMs needed) ; 1                                  ;
;                                             ;                                    ;
; Combinational ALUT usage for logic          ; 1                                  ;
;     -- 7 input functions                    ; 0                                  ;
;     -- 6 input functions                    ; 0                                  ;
;     -- 5 input functions                    ; 1                                  ;
;     -- 4 input functions                    ; 0                                  ;
;     -- <=3 input functions                  ; 0                                  ;
;                                             ;                                    ;
; Dedicated logic registers                   ; 0                                  ;
;                                             ;                                    ;
; I/O pins                                    ; 14                                 ;
;                                             ;                                    ;
; Total DSP Blocks                            ; 0                                  ;
;                                             ;                                    ;
; Maximum fan-out node                        ; DigitExtractor:extractor|WideOr2~0 ;
; Maximum fan-out                             ; 4                                  ;
; Total fan-out                               ; 23                                 ;
; Average fan-out                             ; 0.79                               ;
+---------------------------------------------+------------------------------------+


+-------------------------------------------------------------------------------------------------------------------------------------------------------------------------------------------------------------+
; Analysis & Synthesis Resource Utilization by Entity                                                                                                                                                         ;
+-------------------------------+---------------------+---------------------------+-------------------+------------+------+--------------+------------------------------------+----------------+--------------+
; Compilation Hierarchy Node    ; Combinational ALUTs ; Dedicated Logic Registers ; Block Memory Bits ; DSP Blocks ; Pins ; Virtual Pins ; Full Hierarchy Name                ; Entity Name    ; Library Name ;
+-------------------------------+---------------------+---------------------------+-------------------+------------+------+--------------+------------------------------------+----------------+--------------+
; |alu_4bit                     ; 1 (0)               ; 0 (0)                     ; 0                 ; 0          ; 14   ; 0            ; |alu_4bit                          ; alu_4bit       ; work         ;
;    |DigitExtractor:extractor| ; 1 (1)               ; 0 (0)                     ; 0                 ; 0          ; 0    ; 0            ; |alu_4bit|DigitExtractor:extractor ; DigitExtractor ; work         ;
+-------------------------------+---------------------+---------------------------+-------------------+------------+------+--------------+------------------------------------+----------------+--------------+
Note: For table entries with two numbers listed, the numbers in parentheses indicate the number of resources of the given type used by the specific entity alone. The numbers listed outside of parentheses indicate the total resources of the given type used by the specific entity and all of its sub-entities in the hierarchy.


+------------------------------------------------------+
; General Register Statistics                          ;
+----------------------------------------------+-------+
; Statistic                                    ; Value ;
+----------------------------------------------+-------+
; Total registers                              ; 0     ;
; Number of registers using Synchronous Clear  ; 0     ;
; Number of registers using Synchronous Load   ; 0     ;
; Number of registers using Asynchronous Clear ; 0     ;
; Number of registers using Asynchronous Load  ; 0     ;
; Number of registers using Clock Enable       ; 0     ;
; Number of registers using Preset             ; 0     ;
+----------------------------------------------+-------+


+--------------------------------------------------------------------------------------------------------------------------------------------------------------------------+
; Port Connectivity Checks: "segmentOutput:segment1"                                                                                                                       ;
+-------+-------+----------+-----------------------------------------------------------------------------------------------------------------------------------------------+
; Port  ; Type  ; Severity ; Details                                                                                                                                       ;
+-------+-------+----------+-----------------------------------------------------------------------------------------------------------------------------------------------+
; digit ; Input ; Warning  ; Input port expression (1 bits) is smaller than the input port (2 bits) it drives.  Extra input bit(s) "digit[1..1]" will be connected to GND. ;
+-------+-------+----------+-----------------------------------------------------------------------------------------------------------------------------------------------+


+---------------------------------------------------------------------------------------------------------------------------------------------------------------------------------------------------------------------+
; Port Connectivity Checks: "DigitExtractor:extractor"                                                                                                                                                                ;
+--------------+--------+----------+----------------------------------------------------------------------------------------------------------------------------------------------------------------------------------+
; Port         ; Type   ; Severity ; Details                                                                                                                                                                          ;
+--------------+--------+----------+----------------------------------------------------------------------------------------------------------------------------------------------------------------------------------+
; input_number ; Input  ; Warning  ; Input port expression (8 bits) is wider than the input port (3 bits) it drives.  The 5 most-significant bit(s) in the expression will be dangling if they have no other fanouts. ;
; digit_1      ; Output ; Warning  ; Output or bidir port (4 bits) is wider than the port expression (1 bits) it drives; bit(s) "digit_1[3..1]" have no fanouts                                                       ;
+--------------+--------+----------+----------------------------------------------------------------------------------------------------------------------------------------------------------------------------------+


+-------------------------------------------------------------------------------------------------------------------+
; Port Connectivity Checks: "subtractor_4bit:subtractor"                                                            ;
+---------+--------+----------+-------------------------------------------------------------------------------------+
; Port    ; Type   ; Severity ; Details                                                                             ;
+---------+--------+----------+-------------------------------------------------------------------------------------+
; diff[2] ; Output ; Info     ; Connected to dangling logic. Logic that only feeds a dangling port will be removed. ;
+---------+--------+----------+-------------------------------------------------------------------------------------+


+------------------------------------------------------------------------------------------------------------------+
; Port Connectivity Checks: "adder_4bit:adder"                                                                     ;
+--------+--------+----------+-------------------------------------------------------------------------------------+
; Port   ; Type   ; Severity ; Details                                                                             ;
+--------+--------+----------+-------------------------------------------------------------------------------------+
; sum[2] ; Output ; Info     ; Connected to dangling logic. Logic that only feeds a dangling port will be removed. ;
+--------+--------+----------+-------------------------------------------------------------------------------------+


+-----------------------------------------------------+
; Post-Synthesis Netlist Statistics for Top Partition ;
+-----------------------+-----------------------------+
; Type                  ; Count                       ;
+-----------------------+-----------------------------+
; arriav_lcell_comb     ; 3                           ;
;     normal            ; 3                           ;
;         0 data inputs ; 2                           ;
;         5 data inputs ; 1                           ;
; boundary_port         ; 14                          ;
;                       ;                             ;
; Max LUT depth         ; 1.00                        ;
; Average LUT depth     ; 0.75                        ;
+-----------------------+-----------------------------+


+-------------------------------+
; Elapsed Time Per Partition    ;
+----------------+--------------+
; Partition Name ; Elapsed Time ;
+----------------+--------------+
; Top            ; 00:00:00     ;
+----------------+--------------+


+-------------------------------+
; Analysis & Synthesis Messages ;
+-------------------------------+
Info: *******************************************************************
Info: Running Quartus Prime Analysis & Synthesis
    Info: Version 20.1.0 Build 711 06/05/2020 SJ Lite Edition
    Info: Processing started: Fri Mar 01 09:54:08 2024
Info: Command: quartus_map --read_settings_files=on --write_settings_files=off alu_4bit -c alu_4bit
Warning (18236): Number of processors has not been specified which may cause overloading on shared machines.  Set the global assignment NUM_PARALLEL_PROCESSORS in your QSF to an appropriate value for best performance.
Info (20030): Parallel compilation is enabled and will use 6 of the 6 processors detected
Info (12021): Found 1 design units, including 1 entities, in source file adder_4bit.sv
    Info (12023): Found entity 1: adder_4bit File: C:/Users/nicva/PycharmProjects/Problema1/adder_4bit.sv Line: 1
Info (12021): Found 1 design units, including 1 entities, in source file subtractor_4bit.sv
    Info (12023): Found entity 1: subtractor_4bit File: C:/Users/nicva/PycharmProjects/Problema1/subtractor_4bit.sv Line: 1
Info (12021): Found 1 design units, including 1 entities, in source file alu_4bit.sv
    Info (12023): Found entity 1: alu_4bit File: C:/Users/nicva/PycharmProjects/Problema1/alu_4bit.sv Line: 1
Info (12021): Found 1 design units, including 1 entities, in source file alu_4bit_tb.sv
    Info (12023): Found entity 1: alu_4bit_tb File: C:/Users/nicva/PycharmProjects/Problema1/alu_4bit_tb.sv Line: 1
Info (12021): Found 1 design units, including 1 entities, in source file multiplier_4bit.sv
    Info (12023): Found entity 1: multiplier_4bit File: C:/Users/nicva/PycharmProjects/Problema1/multiplier_4bit.sv Line: 1
Info (12021): Found 1 design units, including 1 entities, in source file digitextractor.sv
    Info (12023): Found entity 1: DigitExtractor File: C:/Users/nicva/PycharmProjects/Problema1/DigitExtractor.sv Line: 1
Info (12021): Found 1 design units, including 1 entities, in source file segmentoutput.sv
    Info (12023): Found entity 1: segmentOutput File: C:/Users/nicva/PycharmProjects/Problema1/segmentOutput.sv Line: 1
Info (12127): Elaborating entity "alu_4bit" for the top level hierarchy
Info (12128): Elaborating entity "adder_4bit" for hierarchy "adder_4bit:adder" File: C:/Users/nicva/PycharmProjects/Problema1/alu_4bit.sv Line: 15
Info (12128): Elaborating entity "subtractor_4bit" for hierarchy "subtractor_4bit:subtractor" File: C:/Users/nicva/PycharmProjects/Problema1/alu_4bit.sv Line: 16
Info (12128): Elaborating entity "multiplier_4bit" for hierarchy "multiplier_4bit:multiplier" File: C:/Users/nicva/PycharmProjects/Problema1/alu_4bit.sv Line: 17
Warning (10230): Verilog HDL assignment warning at multiplier_4bit.sv(9): truncated value with size 8 to match size of target (3) File: C:/Users/nicva/PycharmProjects/Problema1/multiplier_4bit.sv Line: 9
Info (12128): Elaborating entity "DigitExtractor" for hierarchy "DigitExtractor:extractor" File: C:/Users/nicva/PycharmProjects/Problema1/alu_4bit.sv Line: 19
Warning (10762): Verilog HDL Case Statement warning at DigitExtractor.sv(12): can't check case statement for completeness because the case expression has too many possible states File: C:/Users/nicva/PycharmProjects/Problema1/DigitExtractor.sv Line: 12
Info (12128): Elaborating entity "segmentOutput" for hierarchy "segmentOutput:segment1" File: C:/Users/nicva/PycharmProjects/Problema1/alu_4bit.sv Line: 20
Warning (10199): Verilog HDL Case Statement warning at segmentOutput.sv(24): case item expression never matches the case expression File: C:/Users/nicva/PycharmProjects/Problema1/segmentOutput.sv Line: 24
Warning (10199): Verilog HDL Case Statement warning at segmentOutput.sv(27): case item expression never matches the case expression File: C:/Users/nicva/PycharmProjects/Problema1/segmentOutput.sv Line: 27
Warning (10199): Verilog HDL Case Statement warning at segmentOutput.sv(30): case item expression never matches the case expression File: C:/Users/nicva/PycharmProjects/Problema1/segmentOutput.sv Line: 30
Warning (10199): Verilog HDL Case Statement warning at segmentOutput.sv(33): case item expression never matches the case expression File: C:/Users/nicva/PycharmProjects/Problema1/segmentOutput.sv Line: 33
Warning (10199): Verilog HDL Case Statement warning at segmentOutput.sv(36): case item expression never matches the case expression File: C:/Users/nicva/PycharmProjects/Problema1/segmentOutput.sv Line: 36
Warning (10199): Verilog HDL Case Statement warning at segmentOutput.sv(39): case item expression never matches the case expression File: C:/Users/nicva/PycharmProjects/Problema1/segmentOutput.sv Line: 39
Warning (12241): 2 hierarchies have connectivity warnings - see the Connectivity Checks report folder
Warning (13024): Output pins are stuck at VCC or GND
    Warning (13410): Pin "s1[1]" is stuck at GND File: C:/Users/nicva/PycharmProjects/Problema1/alu_4bit.sv Line: 7
    Warning (13410): Pin "s1[2]" is stuck at GND File: C:/Users/nicva/PycharmProjects/Problema1/alu_4bit.sv Line: 7
    Warning (13410): Pin "s1[6]" is stuck at VCC File: C:/Users/nicva/PycharmProjects/Problema1/alu_4bit.sv Line: 7
Info (286030): Timing-Driven Synthesis is running
Info (16010): Generating hard_block partition "hard_block:auto_generated_inst"
    Info (16011): Adding 0 node(s), including 0 DDIO, 0 PLL, 0 transceiver and 0 LCELL
Warning (21074): Design contains 2 input pin(s) that do not drive logic
    Warning (15610): No output dependent on input pin "a[1]" File: C:/Users/nicva/PycharmProjects/Problema1/alu_4bit.sv Line: 2
    Warning (15610): No output dependent on input pin "b[1]" File: C:/Users/nicva/PycharmProjects/Problema1/alu_4bit.sv Line: 3
Info (21057): Implemented 15 device resources after synthesis - the final resource count might be different
    Info (21058): Implemented 7 input pins
    Info (21059): Implemented 7 output pins
    Info (21061): Implemented 1 logic cells
Info: Quartus Prime Analysis & Synthesis was successful. 0 errors, 17 warnings
    Info: Peak virtual memory: 4820 megabytes
    Info: Processing ended: Fri Mar 01 09:54:16 2024
    Info: Elapsed time: 00:00:08
    Info: Total CPU time (on all processors): 00:00:10


